Log file open, 02/24/25 21:37:27
LogWindows: Failed to load 'aqProf.dll' (GetLastError=126)
LogWindows: File 'aqProf.dll' does not exist
LogWindows: Failed to load 'VtuneApi.dll' (GetLastError=126)
LogWindows: File 'VtuneApi.dll' does not exist
LogWindows: Failed to load 'VtuneApi32e.dll' (GetLastError=126)
LogWindows: File 'VtuneApi32e.dll' does not exist
LogConsoleResponse: Display: Failed to find resolution value strings in scalability ini. Falling back to default.
LogConsoleResponse: Display: Failed to find resolution value strings in scalability ini. Falling back to default.
LogInit: Display: Running engine for game: model
LogPlatformFile: Not using cached read wrapper
LogTaskGraph: Started task graph with 5 named threads and 35 total threads with 3 sets of task threads.
LogStats: Stats thread started at 0.201176
LogICUInternationalization: ICU TimeZone Detection - Raw Offset: +8:00, Platform Override: ''
LogInit: Display: Loading text-based GConfig....
LogPluginManager: Mounting plugin MeshPainting
LogPluginManager: Mounting plugin XGEController
LogPluginManager: Mounting plugin Paper2D
LogPluginManager: Mounting plugin AISupport
LogPluginManager: Mounting plugin EnvironmentQueryEditor
LogPluginManager: Mounting plugin LiveLink
LogPluginManager: Mounting plugin LightPropagationVolume
LogPluginManager: Mounting plugin OodleNetwork
LogPluginManager: Mounting plugin GameplayCameras
LogPluginManager: Mounting plugin OodleData
LogPluginManager: Mounting plugin CameraShakePreviewer
LogPluginManager: Mounting plugin DatasmithContent
LogPluginManager: Mounting plugin VariantManagerContent
LogPluginManager: Mounting plugin CryptoKeys
LogPluginManager: Mounting plugin AssetManagerEditor
LogPluginManager: Mounting plugin CurveEditorTools
LogPluginManager: Mounting plugin DataValidation
LogPluginManager: Mounting plugin FacialAnimation
LogPluginManager: Mounting plugin GameplayTagsEditor
LogPluginManager: Mounting plugin GeometryMode
LogPluginManager: Mounting plugin MacGraphicsSwitching
LogPluginManager: Mounting plugin MaterialAnalyzer
LogPluginManager: Mounting plugin PluginBrowser
LogPluginManager: Mounting plugin MobileLauncherProfileWizard
LogPluginManager: Mounting plugin SpeedTreeImporter
LogPluginManager: Mounting plugin Niagara
LogPluginManager: Mounting plugin LuminPlatformFeatures
LogPluginManager: Mounting plugin MagicLeap
LogPluginManager: Mounting plugin MagicLeapLightEstimation
LogPluginManager: Mounting plugin MagicLeapMedia
LogPluginManager: Mounting plugin MagicLeapPassableWorld
LogPluginManager: Mounting plugin MLSDK
LogPluginManager: Mounting plugin AlembicImporter
LogPluginManager: Mounting plugin AnimationSharing
LogPluginManager: Mounting plugin AutomationUtils
LogPluginManager: Mounting plugin BackChannel
LogPluginManager: Mounting plugin CLionSourceCodeAccess
LogPluginManager: Mounting plugin ChaosCloth
LogPluginManager: Mounting plugin ChaosClothEditor
LogPluginManager: Mounting plugin ChaosEditor
LogPluginManager: Mounting plugin ChaosNiagara
LogPluginManager: Mounting plugin ChaosSolverPlugin
LogPluginManager: Mounting plugin CharacterAI
LogPluginManager: Mounting plugin CodeLiteSourceCodeAccess
LogPluginManager: Mounting plugin GitSourceControl
LogPluginManager: Mounting plugin NullSourceCodeAccess
LogPluginManager: Mounting plugin KDevelopSourceCodeAccess
LogPluginManager: Mounting plugin PixWinPlugin
LogPluginManager: Mounting plugin PerforceSourceControl
LogPluginManager: Mounting plugin PlasticSourceControl
LogPluginManager: Mounting plugin PluginUtils
LogPluginManager: Mounting plugin PropertyAccessNode
LogPluginManager: Mounting plugin RiderSourceCodeAccess
LogPluginManager: Mounting plugin SubversionSourceControl
LogPluginManager: Mounting plugin TextureFormatOodle
LogPluginManager: Mounting plugin UObjectPlugin
LogPluginManager: Mounting plugin VisualStudioCodeSourceCodeAccess
LogPluginManager: Mounting plugin VisualStudioSourceCodeAccess
LogPluginManager: Mounting plugin TcpMessaging
LogPluginManager: Mounting plugin UdpMessaging
LogPluginManager: Mounting plugin XCodeSourceCodeAccess
LogPluginManager: Mounting plugin GeometryCollectionPlugin
LogPluginManager: Mounting plugin GeometryProcessing
LogPluginManager: Mounting plugin GeometryCache
LogPluginManager: Mounting plugin MotoSynth
LogPluginManager: Mounting plugin OpenImageDenoise
LogPluginManager: Mounting plugin PlanarCut
LogPluginManager: Mounting plugin ProxyLODPlugin
LogPluginManager: Mounting plugin PythonScriptPlugin
LogPluginManager: Mounting plugin PlatformCrypto
LogPluginManager: Mounting plugin SkeletalReduction
LogPluginManager: Mounting plugin LevelSequenceEditor
LogPluginManager: Mounting plugin ActorSequence
LogPluginManager: Mounting plugin MatineeToLevelSequence
LogPluginManager: Mounting plugin ActorLayerUtilities
LogPluginManager: Mounting plugin TemplateSequence
LogPluginManager: Mounting plugin AndroidDeviceProfileSelector
LogPluginManager: Mounting plugin AndroidMoviePlayer
LogPluginManager: Mounting plugin AndroidPermission
LogPluginManager: Mounting plugin AppleImageUtils
LogPluginManager: Mounting plugin AppleMoviePlayer
LogPluginManager: Mounting plugin ArchVisCharacter
LogPluginManager: Mounting plugin AssetTags
LogPluginManager: Mounting plugin AudioCapture
LogPluginManager: Mounting plugin AudioSynesthesia
LogPluginManager: Mounting plugin CableComponent
LogPluginManager: Mounting plugin CustomMeshComponent
LogPluginManager: Mounting plugin ChunkDownloader
LogPluginManager: Mounting plugin EditableMesh
LogPluginManager: Mounting plugin ExampleDeviceProfileSelector
LogPluginManager: Mounting plugin GoogleCloudMessaging
LogPluginManager: Mounting plugin ScreenshotTools
LogPluginManager: Mounting plugin GooglePAD
LogPluginManager: Mounting plugin AndroidMedia
LogPluginManager: Mounting plugin AvfMedia
LogPluginManager: Mounting plugin ImgMedia
LogPluginManager: Mounting plugin MediaCompositing
LogPluginManager: Mounting plugin OnlineSubsystem
LogPluginManager: Mounting plugin OnlineSubsystemNull
LogPluginManager: Mounting plugin OnlineSubsystemUtils
LogPluginManager: Mounting plugin MediaPlayerEditor
LogPluginManager: Mounting plugin WebMMedia
LogPluginManager: Mounting plugin WmfMedia
LogPluginManager: Mounting plugin IOSDeviceProfileSelector
LogPluginManager: Mounting plugin LinuxDeviceProfileSelector
LogPluginManager: Mounting plugin LocationServicesBPLibrary
LogPluginManager: Mounting plugin MobilePatchingUtils
LogPluginManager: Mounting plugin OpenXR
LogPluginManager: Mounting plugin OpenXREyeTracker
LogPluginManager: Mounting plugin OpenXRHandTracking
LogPluginManager: Mounting plugin PhysXVehicles
LogPluginManager: Mounting plugin PostSplashScreen
LogPluginManager: Mounting plugin ProceduralMeshComponent
LogPluginManager: Mounting plugin PropertyAccessEditor
LogPluginManager: Mounting plugin RuntimePhysXCooking
LogPluginManager: Mounting plugin SoundFields
LogPluginManager: Mounting plugin SignificanceManager
LogPluginManager: Mounting plugin Synthesis
LogPluginManager: Mounting plugin WebMMoviePlayer
LogPluginManager: Mounting plugin WindowsMoviePlayer
LogPluginManager: Mounting plugin LauncherChunkInstaller
LogPluginManager: Mounting plugin Takes
LogPluginManager: Mounting plugin ContentBrowserAssetDataSource
LogPluginManager: Mounting plugin ContentBrowserFileDataSource
LogPluginManager: Mounting plugin ContentBrowserClassDataSource
LogPluginManager: Mounting plugin OnlineSubsystemGooglePlay
LogPluginManager: Mounting plugin OnlineSubsystemIOS
LogPluginManager: Mounting plugin OculusVR
LogPluginManager: Mounting plugin SteamVR
PixWinPlugin: PIX capture plugin failed to initialize! Check that the process is launched from PIX.
LogInit: Using libcurl 7.55.1-DEV
LogInit:  - built for x86_64-pc-win32
LogInit:  - supports SSL with OpenSSL/1.1.1
LogInit:  - supports HTTP deflate (compression) using libz 1.2.8
LogInit:  - other features:
LogInit:      CURL_VERSION_SSL
LogInit:      CURL_VERSION_LIBZ
LogInit:      CURL_VERSION_IPV6
LogInit:      CURL_VERSION_ASYNCHDNS
LogInit:      CURL_VERSION_LARGEFILE
LogInit:      CURL_VERSION_IDN
LogInit:  CurlRequestOptions (configurable via config and command line):
LogInit:  - bVerifyPeer = true  - Libcurl will verify peer certificate
LogInit:  - bUseHttpProxy = false  - Libcurl will NOT use HTTP proxy
LogInit:  - bDontReuseConnections = false  - Libcurl will reuse connections
LogInit:  - MaxHostConnections = 16  - Libcurl will limit the number of connections to a host
LogInit:  - LocalHostAddr = Default
LogInit:  - BufferSize = 65536
LogOnline: OSS: Creating online subsystem instance for: NULL
LogInit: WinSock: version 1.1 (2.2), MaxSocks=32767, MaxUdp=65467
LogOnline: OSS: TryLoadSubsystemAndSetDefault: Loaded subsystem for module [NULL]
LogOculusPluginWrapper: OculusPlugin initialized successfully
LogHMD: Failed initializing OVRPlugin 1.59.0
LogInit: Build: ++UE4+Release-4.27-CL-18319896
LogInit: Engine Version: 4.27.2-18319896+++UE4+Release-4.27
LogInit: Compatible Engine Version: 4.27.0-17155196+++UE4+Release-4.27
LogInit: Net CL: 17155196
LogInit: OS: Windows 10 (Release 2009) (), CPU: 12th Gen Intel(R) Core(TM) i5-12400F, GPU: NVIDIA GeForce GT 730
LogInit: Compiled (64-bit): Nov 30 2021 07:12:08
LogInit: Compiled with Visual C++: 19.24.28315.00
LogInit: Build Configuration: Development
LogInit: Branch Name: ++UE4+Release-4.27
LogInit: Command Line: 
LogInit: Base Directory: D:/UE_4.27/Engine/Binaries/Win64/
LogInit: Allocator: TBB
LogInit: Installed Engine Build: 1
LogDevObjectVersion: Number of dev versions registered: 29
LogDevObjectVersion:   Dev-Blueprints (B0D832E4-1F89-4F0D-ACCF-7EB736FD4AA2): 10
LogDevObjectVersion:   Dev-Build (E1C64328-A22C-4D53-A36C-8E866417BD8C): 0
LogDevObjectVersion:   Dev-Core (375EC13C-06E4-48FB-B500-84F0262A717E): 4
LogDevObjectVersion:   Dev-Editor (E4B068ED-F494-42E9-A231-DA0B2E46BB41): 40
LogDevObjectVersion:   Dev-Framework (CFFC743F-43B0-4480-9391-14DF171D2073): 37
LogDevObjectVersion:   Dev-Mobile (B02B49B5-BB20-44E9-A304-32B752E40360): 3
LogDevObjectVersion:   Dev-Networking (A4E4105C-59A1-49B5-A7C5-40C4547EDFEE): 0
LogDevObjectVersion:   Dev-Online (39C831C9-5AE6-47DC-9A44-9C173E1C8E7C): 0
LogDevObjectVersion:   Dev-Physics (78F01B33-EBEA-4F98-B9B4-84EACCB95AA2): 14
LogDevObjectVersion:   Dev-Platform (6631380F-2D4D-43E0-8009-CF276956A95A): 0
LogDevObjectVersion:   Dev-Rendering (12F88B9F-8875-4AFC-A67C-D90C383ABD29): 45
LogDevObjectVersion:   Dev-Sequencer (7B5AE74C-D270-4C10-A958-57980B212A5A): 13
LogDevObjectVersion:   Dev-VR (D7296918-1DD6-4BDD-9DE2-64A83CC13884): 3
LogDevObjectVersion:   Dev-LoadTimes (C2A15278-BFE7-4AFE-6C17-90FF531DF755): 1
LogDevObjectVersion:   Private-Geometry (6EACA3D4-40EC-4CC1-B786-8BED09428FC5): 3
LogDevObjectVersion:   Dev-AnimPhys (29E575DD-E0A3-4627-9D10-D276232CDCEA): 17
LogDevObjectVersion:   Dev-Anim (AF43A65D-7FD3-4947-9873-3E8ED9C1BB05): 15
LogDevObjectVersion:   Dev-ReflectionCapture (6B266CEC-1EC7-4B8F-A30B-E4D90942FC07): 1
LogDevObjectVersion:   Dev-Automation (0DF73D61-A23F-47EA-B727-89E90C41499A): 1
LogDevObjectVersion:   FortniteMain (601D1886-AC64-4F84-AA16-D3DE0DEAC7D6): 47
LogDevObjectVersion:   FortniteRelease (E7086368-6B23-4C58-8439-1B7016265E91): 1
LogDevObjectVersion:   Dev-Enterprise (9DFFBCD6-494F-0158-E221-12823C92A888): 10
LogDevObjectVersion:   Dev-Niagara (F2AED0AC-9AFE-416F-8664-AA7FFA26D6FC): 1
LogDevObjectVersion:   Dev-Destruction (174F1F0B-B4C6-45A5-B13F-2EE8D0FB917D): 10
LogDevObjectVersion:   Dev-Physics-Ext (35F94A83-E258-406C-A318-09F59610247C): 41
LogDevObjectVersion:   Dev-PhysicsMaterial-Chaos (B68FC16E-8B1B-42E2-B453-215C058844FE): 1
LogDevObjectVersion:   Dev-CineCamera (B2E18506-4273-CFC2-A54E-F4BB758BBA07): 1
LogDevObjectVersion:   Dev-VirtualProduction (64F58936-FD1B-42BA-BA96-7289D5D0FA4E): 1
LogDevObjectVersion:   Dev-MediaFramework (6F0ED827-A609-4895-9C91-998D90180EA4): 2
LogInit: Presizing for max 25165824 objects, including 0 objects not considered by GC, pre-allocating 0 bytes for permanent pool.
LogConfig: Applying CVar settings from Section [/Script/Engine.StreamingSettings] File [D:/上传官网/zgz-4/Saved/Config/Windows/Engine.ini]
LogConfig: Setting CVar [[s.MinBulkDataSizeForAsyncLoading:131072]]
LogConfig: Setting CVar [[s.AsyncLoadingThreadEnabled:0]]
LogConfig: Setting CVar [[s.EventDrivenLoaderEnabled:1]]
LogConfig: Setting CVar [[s.WarnIfTimeLimitExceeded:0]]
LogConfig: Setting CVar [[s.TimeLimitExceededMultiplier:1.5]]
LogConfig: Setting CVar [[s.TimeLimitExceededMinTime:0.005]]
LogConfig: Setting CVar [[s.UseBackgroundLevelStreaming:1]]
LogConfig: Setting CVar [[s.PriorityAsyncLoadingExtraTime:15.0]]
LogConfig: Setting CVar [[s.LevelStreamingActorsUpdateTimeLimit:5.0]]
LogConfig: Setting CVar [[s.PriorityLevelStreamingActorsUpdateExtraTime:5.0]]
LogConfig: Setting CVar [[s.LevelStreamingComponentsRegistrationGranularity:10]]
LogConfig: Setting CVar [[s.UnregisterComponentsTimeLimit:1.0]]
LogConfig: Setting CVar [[s.LevelStreamingComponentsUnregistrationGranularity:5]]
LogConfig: Setting CVar [[s.FlushStreamingOnExit:1]]
LogInit: Object subsystem initialized
LogConfig: Setting CVar [[con.DebugEarlyDefault:1]]
LogConfig: Setting CVar [[r.setres:1280x720]]
[2025.02.24-13.37.27:638][  0]LogConfig: Setting CVar [[r.VSync:0]]
[2025.02.24-13.37.27:638][  0]LogConfig: Setting CVar [[r.RHICmdBypass:0]]
[2025.02.24-13.37.27:638][  0]LogConfig: Applying CVar settings from Section [/Script/Engine.RendererSettings] File [D:/上传官网/zgz-4/Saved/Config/Windows/Engine.ini]
[2025.02.24-13.37.27:638][  0]LogConfig: Setting CVar [[r.GPUCrashDebugging:0]]
[2025.02.24-13.37.27:638][  0]LogConfig: Setting CVar [[r.AllowGlobalClipPlane:1]]
[2025.02.24-13.37.27:638][  0]LogConfig: Applying CVar settings from Section [/Script/Engine.RendererOverrideSettings] File [D:/上传官网/zgz-4/Saved/Config/Windows/Engine.ini]
[2025.02.24-13.37.27:638][  0]LogConfig: Applying CVar settings from Section [/Script/Engine.StreamingSettings] File [D:/上传官网/zgz-4/Saved/Config/Windows/Engine.ini]
[2025.02.24-13.37.27:638][  0]LogConfig: Setting CVar [[s.MinBulkDataSizeForAsyncLoading:131072]]
[2025.02.24-13.37.27:639][  0]LogConfig: Setting CVar [[s.AsyncLoadingThreadEnabled:0]]
[2025.02.24-13.37.27:639][  0]LogConfig: Setting CVar [[s.EventDrivenLoaderEnabled:1]]
[2025.02.24-13.37.27:639][  0]LogConfig: Setting CVar [[s.WarnIfTimeLimitExceeded:0]]
[2025.02.24-13.37.27:639][  0]LogConfig: Setting CVar [[s.TimeLimitExceededMultiplier:1.5]]
[2025.02.24-13.37.27:639][  0]LogConfig: Setting CVar [[s.TimeLimitExceededMinTime:0.005]]
[2025.02.24-13.37.27:639][  0]LogConfig: Setting CVar [[s.UseBackgroundLevelStreaming:1]]
[2025.02.24-13.37.27:639][  0]LogConfig: Setting CVar [[s.PriorityAsyncLoadingExtraTime:15.0]]
[2025.02.24-13.37.27:639][  0]LogConfig: Setting CVar [[s.LevelStreamingActorsUpdateTimeLimit:5.0]]
[2025.02.24-13.37.27:639][  0]LogConfig: Setting CVar [[s.PriorityLevelStreamingActorsUpdateExtraTime:5.0]]
[2025.02.24-13.37.27:639][  0]LogConfig: Setting CVar [[s.LevelStreamingComponentsRegistrationGranularity:10]]
[2025.02.24-13.37.27:639][  0]LogConfig: Setting CVar [[s.UnregisterComponentsTimeLimit:1.0]]
[2025.02.24-13.37.27:639][  0]LogConfig: Setting CVar [[s.LevelStreamingComponentsUnregistrationGranularity:5]]
[2025.02.24-13.37.27:639][  0]LogConfig: Setting CVar [[s.FlushStreamingOnExit:1]]
[2025.02.24-13.37.27:639][  0]LogConfig: Applying CVar settings from Section [/Script/Engine.GarbageCollectionSettings] File [D:/上传官网/zgz-4/Saved/Config/Windows/Engine.ini]
[2025.02.24-13.37.27:639][  0]LogConfig: Setting CVar [[gc.MaxObjectsNotConsideredByGC:1]]
[2025.02.24-13.37.27:639][  0]LogConfig: Setting CVar [[gc.SizeOfPermanentObjectPool:0]]
[2025.02.24-13.37.27:639][  0]LogConfig: Setting CVar [[gc.FlushStreamingOnGC:0]]
[2025.02.24-13.37.27:639][  0]LogConfig: Setting CVar [[gc.NumRetriesBeforeForcingGC:10]]
[2025.02.24-13.37.27:639][  0]LogConfig: Setting CVar [[gc.AllowParallelGC:1]]
[2025.02.24-13.37.27:639][  0]LogConfig: Setting CVar [[gc.TimeBetweenPurgingPendingKillObjects:61.1]]
[2025.02.24-13.37.27:639][  0]LogConfig: Setting CVar [[gc.MaxObjectsInEditor:25165824]]
[2025.02.24-13.37.27:639][  0]LogConfig: Setting CVar [[gc.IncrementalBeginDestroyEnabled:1]]
[2025.02.24-13.37.27:639][  0]LogConfig: Setting CVar [[gc.CreateGCClusters:1]]
[2025.02.24-13.37.27:639][  0]LogConfig: Setting CVar [[gc.MinGCClusterSize:5]]
[2025.02.24-13.37.27:639][  0]LogConfig: Setting CVar [[gc.ActorClusteringEnabled:0]]
[2025.02.24-13.37.27:639][  0]LogConfig: Setting CVar [[gc.BlueprintClusteringEnabled:0]]
[2025.02.24-13.37.27:639][  0]LogConfig: Setting CVar [[gc.UseDisregardForGCOnDedicatedServers:0]]
[2025.02.24-13.37.27:639][  0]LogConfig: Setting CVar [[gc.MultithreadedDestructionEnabled:1]]
[2025.02.24-13.37.27:639][  0]LogConfig: Applying CVar settings from Section [/Script/Engine.NetworkSettings] File [D:/上传官网/zgz-4/Saved/Config/Windows/Engine.ini]
[2025.02.24-13.37.27:639][  0]LogConfig: Applying CVar settings from Section [/Script/UnrealEd.CookerSettings] File [D:/上传官网/zgz-4/Saved/Config/Windows/Engine.ini]
[2025.02.24-13.37.27:642][  0]LogConfig: Applying CVar settings from Section [ViewDistanceQuality@3] File [D:/上传官网/zgz-4/Saved/Config/Windows/Scalability.ini]
[2025.02.24-13.37.27:642][  0]LogConfig: Setting CVar [[r.SkeletalMeshLODBias:0]]
[2025.02.24-13.37.27:642][  0]LogConfig: Setting CVar [[r.ViewDistanceScale:1.0]]
[2025.02.24-13.37.27:642][  0]LogConfig: Applying CVar settings from Section [AntiAliasingQuality@3] File [D:/上传官网/zgz-4/Saved/Config/Windows/Scalability.ini]
[2025.02.24-13.37.27:642][  0]LogConfig: Setting CVar [[r.PostProcessAAQuality:4]]
[2025.02.24-13.37.27:642][  0]LogConfig: Applying CVar settings from Section [ShadowQuality@3] File [D:/上传官网/zgz-4/Saved/Config/Windows/Scalability.ini]
[2025.02.24-13.37.27:642][  0]LogConfig: Setting CVar [[r.LightFunctionQuality:1]]
[2025.02.24-13.37.27:642][  0]LogConfig: Setting CVar [[r.ShadowQuality:5]]
[2025.02.24-13.37.27:642][  0]LogConfig: Setting CVar [[r.Shadow.CSM.MaxCascades:10]]
[2025.02.24-13.37.27:642][  0]LogConfig: Setting CVar [[r.Shadow.MaxResolution:2048]]
[2025.02.24-13.37.27:642][  0]LogConfig: Setting CVar [[r.Shadow.MaxCSMResolution:2048]]
[2025.02.24-13.37.27:642][  0]LogConfig: Setting CVar [[r.Shadow.RadiusThreshold:0.01]]
[2025.02.24-13.37.27:642][  0]LogConfig: Setting CVar [[r.Shadow.DistanceScale:1.0]]
[2025.02.24-13.37.27:642][  0]LogConfig: Setting CVar [[r.Shadow.CSM.TransitionScale:1.0]]
[2025.02.24-13.37.27:642][  0]LogConfig: Setting CVar [[r.Shadow.PreShadowResolutionFactor:1.0]]
[2025.02.24-13.37.27:642][  0]LogConfig: Setting CVar [[r.DistanceFieldShadowing:1]]
[2025.02.24-13.37.27:642][  0]LogConfig: Setting CVar [[r.DistanceFieldAO:1]]
[2025.02.24-13.37.27:642][  0]LogConfig: Setting CVar [[r.AOQuality:2]]
[2025.02.24-13.37.27:642][  0]LogConfig: Setting CVar [[r.VolumetricFog:1]]
[2025.02.24-13.37.27:642][  0]LogConfig: Setting CVar [[r.VolumetricFog.GridPixelSize:8]]
[2025.02.24-13.37.27:642][  0]LogConfig: Setting CVar [[r.VolumetricFog.GridSizeZ:128]]
[2025.02.24-13.37.27:642][  0]LogConfig: Setting CVar [[r.VolumetricFog.HistoryMissSupersampleCount:4]]
[2025.02.24-13.37.27:642][  0]LogConfig: Setting CVar [[r.LightMaxDrawDistanceScale:1]]
[2025.02.24-13.37.27:642][  0]LogConfig: Setting CVar [[r.CapsuleShadows:1]]
[2025.02.24-13.37.27:642][  0]LogConfig: Applying CVar settings from Section [PostProcessQuality@3] File [D:/上传官网/zgz-4/Saved/Config/Windows/Scalability.ini]
[2025.02.24-13.37.27:642][  0]LogConfig: Setting CVar [[r.MotionBlurQuality:4]]
[2025.02.24-13.37.27:642][  0]LogConfig: Setting CVar [[r.AmbientOcclusionMipLevelFactor:0.4]]
[2025.02.24-13.37.27:642][  0]LogConfig: Setting CVar [[r.AmbientOcclusionMaxQuality:100]]
[2025.02.24-13.37.27:642][  0]LogConfig: Setting CVar [[r.AmbientOcclusionLevels:-1]]
[2025.02.24-13.37.27:642][  0]LogConfig: Setting CVar [[r.AmbientOcclusionRadiusScale:1.0]]
[2025.02.24-13.37.27:642][  0]LogConfig: Setting CVar [[r.DepthOfFieldQuality:2]]
[2025.02.24-13.37.27:642][  0]LogConfig: Setting CVar [[r.RenderTargetPoolMin:400]]
[2025.02.24-13.37.27:642][  0]LogConfig: Setting CVar [[r.LensFlareQuality:2]]
[2025.02.24-13.37.27:642][  0]LogConfig: Setting CVar [[r.SceneColorFringeQuality:1]]
[2025.02.24-13.37.27:642][  0]LogConfig: Setting CVar [[r.EyeAdaptationQuality:2]]
[2025.02.24-13.37.27:642][  0]LogConfig: Setting CVar [[r.BloomQuality:5]]
[2025.02.24-13.37.27:642][  0]LogConfig: Setting CVar [[r.FastBlurThreshold:100]]
[2025.02.24-13.37.27:642][  0]LogConfig: Setting CVar [[r.Upscale.Quality:3]]
[2025.02.24-13.37.27:642][  0]LogConfig: Setting CVar [[r.Tonemapper.GrainQuantization:1]]
[2025.02.24-13.37.27:642][  0]LogConfig: Setting CVar [[r.LightShaftQuality:1]]
[2025.02.24-13.37.27:642][  0]LogConfig: Setting CVar [[r.Filter.SizeScale:1]]
[2025.02.24-13.37.27:642][  0]LogConfig: Setting CVar [[r.Tonemapper.Quality:5]]
[2025.02.24-13.37.27:642][  0]LogConfig: Setting CVar [[r.DOF.Gather.AccumulatorQuality:1        ; higher gathering accumulator quality]]
[2025.02.24-13.37.27:642][  0]LogConfig: Setting CVar [[r.DOF.Gather.PostfilterMethod:1          ; Median3x3 postfilering method]]
[2025.02.24-13.37.27:642][  0]LogConfig: Setting CVar [[r.DOF.Gather.EnableBokehSettings:0       ; no bokeh simulation when gathering]]
[2025.02.24-13.37.27:642][  0]LogConfig: Setting CVar [[r.DOF.Gather.RingCount:4                 ; medium number of samples when gathering]]
[2025.02.24-13.37.27:642][  0]LogConfig: Setting CVar [[r.DOF.Scatter.ForegroundCompositing:1    ; additive foreground scattering]]
[2025.02.24-13.37.27:642][  0]LogConfig: Setting CVar [[r.DOF.Scatter.BackgroundCompositing:2    ; additive background scattering]]
[2025.02.24-13.37.27:642][  0]LogConfig: Setting CVar [[r.DOF.Scatter.EnableBokehSettings:1      ; bokeh simulation when scattering]]
[2025.02.24-13.37.27:642][  0]LogConfig: Setting CVar [[r.DOF.Scatter.MaxSpriteRatio:0.1         ; only a maximum of 10% of scattered bokeh]]
[2025.02.24-13.37.27:642][  0]LogConfig: Setting CVar [[r.DOF.Recombine.Quality:1                ; cheap slight out of focus]]
[2025.02.24-13.37.27:642][  0]LogConfig: Setting CVar [[r.DOF.Recombine.EnableBokehSettings:0    ; no bokeh simulation on slight out of focus]]
[2025.02.24-13.37.27:642][  0]LogConfig: Setting CVar [[r.DOF.TemporalAAQuality:1                ; more stable temporal accumulation]]
[2025.02.24-13.37.27:642][  0]LogConfig: Setting CVar [[r.DOF.Kernel.MaxForegroundRadius:0.025]]
[2025.02.24-13.37.27:642][  0]LogConfig: Setting CVar [[r.DOF.Kernel.MaxBackgroundRadius:0.025]]
[2025.02.24-13.37.27:642][  0]LogConfig: Applying CVar settings from Section [TextureQuality@3] File [D:/上传官网/zgz-4/Saved/Config/Windows/Scalability.ini]
[2025.02.24-13.37.27:642][  0]LogConfig: Setting CVar [[r.Streaming.MipBias:0]]
[2025.02.24-13.37.27:642][  0]LogConfig: Setting CVar [[r.Streaming.AmortizeCPUToGPUCopy:0]]
[2025.02.24-13.37.27:642][  0]LogConfig: Setting CVar [[r.Streaming.MaxNumTexturesToStreamPerFrame:0]]
[2025.02.24-13.37.27:642][  0]LogConfig: Setting CVar [[r.Streaming.Boost:1]]
[2025.02.24-13.37.27:642][  0]LogConfig: Setting CVar [[r.MaxAnisotropy:8]]
[2025.02.24-13.37.27:642][  0]LogConfig: Setting CVar [[r.VT.MaxAnisotropy:8]]
[2025.02.24-13.37.27:642][  0]LogConfig: Setting CVar [[r.Streaming.LimitPoolSizeToVRAM:0]]
[2025.02.24-13.37.27:643][  0]LogConfig: Setting CVar [[r.Streaming.PoolSize:1000]]
[2025.02.24-13.37.27:643][  0]LogConfig: Setting CVar [[r.Streaming.MaxEffectiveScreenSize:0]]
[2025.02.24-13.37.27:643][  0]LogConfig: Applying CVar settings from Section [EffectsQuality@3] File [D:/上传官网/zgz-4/Saved/Config/Windows/Scalability.ini]
[2025.02.24-13.37.27:643][  0]LogConfig: Setting CVar [[r.TranslucencyLightingVolumeDim:64]]
[2025.02.24-13.37.27:643][  0]LogConfig: Setting CVar [[r.RefractionQuality:2]]
[2025.02.24-13.37.27:643][  0]LogConfig: Setting CVar [[r.SSR.Quality:3]]
[2025.02.24-13.37.27:643][  0]LogConfig: Setting CVar [[r.SSR.HalfResSceneColor:0]]
[2025.02.24-13.37.27:643][  0]LogConfig: Setting CVar [[r.SceneColorFormat:4]]
[2025.02.24-13.37.27:643][  0]LogConfig: Setting CVar [[r.DetailMode:2]]
[2025.02.24-13.37.27:643][  0]LogConfig: Setting CVar [[r.TranslucencyVolumeBlur:1]]
[2025.02.24-13.37.27:643][  0]LogConfig: Setting CVar [[r.MaterialQualityLevel:1 ; High quality]]
[2025.02.24-13.37.27:643][  0]LogConfig: Setting CVar [[r.AnisotropicMaterials:1]]
[2025.02.24-13.37.27:643][  0]LogConfig: Setting CVar [[r.SSS.Scale:1]]
[2025.02.24-13.37.27:643][  0]LogConfig: Setting CVar [[r.SSS.SampleSet:2]]
[2025.02.24-13.37.27:643][  0]LogConfig: Setting CVar [[r.SSS.Quality:1]]
[2025.02.24-13.37.27:643][  0]LogConfig: Setting CVar [[r.SSS.HalfRes:0]]
[2025.02.24-13.37.27:643][  0]LogConfig: Setting CVar [[r.SSGI.Quality:3]]
[2025.02.24-13.37.27:643][  0]LogConfig: Setting CVar [[r.EmitterSpawnRateScale:1.0]]
[2025.02.24-13.37.27:643][  0]LogConfig: Setting CVar [[r.ParticleLightQuality:2]]
[2025.02.24-13.37.27:643][  0]LogConfig: Setting CVar [[r.SkyAtmosphere.AerialPerspectiveLUT.FastApplyOnOpaque:1 ; Always have FastSkyLUT 1 in this case to avoid wrong sky]]
[2025.02.24-13.37.27:643][  0]LogConfig: Setting CVar [[r.SkyAtmosphere.AerialPerspectiveLUT.SampleCountMaxPerSlice:4]]
[2025.02.24-13.37.27:643][  0]LogConfig: Setting CVar [[r.SkyAtmosphere.AerialPerspectiveLUT.DepthResolution:16.0]]
[2025.02.24-13.37.27:643][  0]LogConfig: Setting CVar [[r.SkyAtmosphere.FastSkyLUT:1]]
[2025.02.24-13.37.27:643][  0]LogConfig: Setting CVar [[r.SkyAtmosphere.FastSkyLUT.SampleCountMin:4.0]]
[2025.02.24-13.37.27:643][  0]LogConfig: Setting CVar [[r.SkyAtmosphere.FastSkyLUT.SampleCountMax:128.0]]
[2025.02.24-13.37.27:643][  0]LogConfig: Setting CVar [[r.SkyAtmosphere.SampleCountMin:4.0]]
[2025.02.24-13.37.27:643][  0]LogConfig: Setting CVar [[r.SkyAtmosphere.SampleCountMax:128.0]]
[2025.02.24-13.37.27:643][  0]LogConfig: Setting CVar [[r.SkyAtmosphere.TransmittanceLUT.UseSmallFormat:0]]
[2025.02.24-13.37.27:643][  0]LogConfig: Setting CVar [[r.SkyAtmosphere.TransmittanceLUT.SampleCount:10.0]]
[2025.02.24-13.37.27:643][  0]LogConfig: Setting CVar [[r.SkyAtmosphere.MultiScatteringLUT.SampleCount:15.0]]
[2025.02.24-13.37.27:643][  0]LogConfig: Setting CVar [[r.SkyLight.RealTimeReflectionCapture:1]]
[2025.02.24-13.37.27:643][  0]LogConfig: Applying CVar settings from Section [FoliageQuality@3] File [D:/上传官网/zgz-4/Saved/Config/Windows/Scalability.ini]
[2025.02.24-13.37.27:643][  0]LogConfig: Setting CVar [[foliage.DensityScale:1.0]]
[2025.02.24-13.37.27:643][  0]LogConfig: Setting CVar [[grass.DensityScale:1.0]]
[2025.02.24-13.37.27:643][  0]LogConfig: Applying CVar settings from Section [ShadingQuality@3] File [D:/上传官网/zgz-4/Saved/Config/Windows/Scalability.ini]
[2025.02.24-13.37.27:643][  0]LogConfig: Setting CVar [[r.HairStrands.SkyLighting.IntegrationType:2]]
[2025.02.24-13.37.27:643][  0]LogConfig: Setting CVar [[r.HairStrands.SkyAO.SampleCount:4]]
[2025.02.24-13.37.27:643][  0]LogConfig: Setting CVar [[r.HairStrands.Visibility.MSAA.SamplePerPixel:4]]
[2025.02.24-13.37.27:643][  0]LogInit: Selected Device Profile: [Windows]
[2025.02.24-13.37.27:643][  0]LogInit: Applying CVar settings loaded from the selected device profile: [Windows]
[2025.02.24-13.37.27:643][  0]LogHAL: Display: Platform has ~ 32 GB [34160525312 / 34359738368 / 32], which maps to Largest [LargestMinGB=32, LargerMinGB=12, DefaultMinGB=8, SmallerMinGB=6, SmallestMinGB=0)
[2025.02.24-13.37.27:643][  0]LogInit: Going up to parent DeviceProfile []
[2025.02.24-13.37.27:643][  0]LogConfig: Applying CVar settings from Section [ViewDistanceQuality@3] File [D:/上传官网/zgz-4/Saved/Config/Windows/Scalability.ini]
[2025.02.24-13.37.27:643][  0]LogConfig: Setting CVar [[r.SkeletalMeshLODBias:0]]
[2025.02.24-13.37.27:643][  0]LogConfig: Setting CVar [[r.ViewDistanceScale:1.0]]
[2025.02.24-13.37.27:643][  0]LogConfig: Applying CVar settings from Section [AntiAliasingQuality@3] File [D:/上传官网/zgz-4/Saved/Config/Windows/Scalability.ini]
[2025.02.24-13.37.27:643][  0]LogConfig: Setting CVar [[r.PostProcessAAQuality:4]]
[2025.02.24-13.37.27:643][  0]LogConfig: Applying CVar settings from Section [ShadowQuality@3] File [D:/上传官网/zgz-4/Saved/Config/Windows/Scalability.ini]
[2025.02.24-13.37.27:643][  0]LogConfig: Setting CVar [[r.LightFunctionQuality:1]]
[2025.02.24-13.37.27:643][  0]LogConfig: Setting CVar [[r.ShadowQuality:5]]
[2025.02.24-13.37.27:643][  0]LogConfig: Setting CVar [[r.Shadow.CSM.MaxCascades:10]]
[2025.02.24-13.37.27:643][  0]LogConfig: Setting CVar [[r.Shadow.MaxResolution:2048]]
[2025.02.24-13.37.27:643][  0]LogConfig: Setting CVar [[r.Shadow.MaxCSMResolution:2048]]
[2025.02.24-13.37.27:643][  0]LogConfig: Setting CVar [[r.Shadow.RadiusThreshold:0.01]]
[2025.02.24-13.37.27:643][  0]LogConfig: Setting CVar [[r.Shadow.DistanceScale:1.0]]
[2025.02.24-13.37.27:643][  0]LogConfig: Setting CVar [[r.Shadow.CSM.TransitionScale:1.0]]
[2025.02.24-13.37.27:643][  0]LogConfig: Setting CVar [[r.Shadow.PreShadowResolutionFactor:1.0]]
[2025.02.24-13.37.27:643][  0]LogConfig: Setting CVar [[r.DistanceFieldShadowing:1]]
[2025.02.24-13.37.27:643][  0]LogConfig: Setting CVar [[r.DistanceFieldAO:1]]
[2025.02.24-13.37.27:643][  0]LogConfig: Setting CVar [[r.AOQuality:2]]
[2025.02.24-13.37.27:643][  0]LogConfig: Setting CVar [[r.VolumetricFog:1]]
[2025.02.24-13.37.27:643][  0]LogConfig: Setting CVar [[r.VolumetricFog.GridPixelSize:8]]
[2025.02.24-13.37.27:643][  0]LogConfig: Setting CVar [[r.VolumetricFog.GridSizeZ:128]]
[2025.02.24-13.37.27:643][  0]LogConfig: Setting CVar [[r.VolumetricFog.HistoryMissSupersampleCount:4]]
[2025.02.24-13.37.27:643][  0]LogConfig: Setting CVar [[r.LightMaxDrawDistanceScale:1]]
[2025.02.24-13.37.27:643][  0]LogConfig: Setting CVar [[r.CapsuleShadows:1]]
[2025.02.24-13.37.27:643][  0]LogConfig: Applying CVar settings from Section [PostProcessQuality@3] File [D:/上传官网/zgz-4/Saved/Config/Windows/Scalability.ini]
[2025.02.24-13.37.27:643][  0]LogConfig: Setting CVar [[r.MotionBlurQuality:4]]
[2025.02.24-13.37.27:643][  0]LogConfig: Setting CVar [[r.AmbientOcclusionMipLevelFactor:0.4]]
[2025.02.24-13.37.27:643][  0]LogConfig: Setting CVar [[r.AmbientOcclusionMaxQuality:100]]
[2025.02.24-13.37.27:643][  0]LogConfig: Setting CVar [[r.AmbientOcclusionLevels:-1]]
[2025.02.24-13.37.27:643][  0]LogConfig: Setting CVar [[r.AmbientOcclusionRadiusScale:1.0]]
[2025.02.24-13.37.27:643][  0]LogConfig: Setting CVar [[r.DepthOfFieldQuality:2]]
[2025.02.24-13.37.27:643][  0]LogConfig: Setting CVar [[r.RenderTargetPoolMin:400]]
[2025.02.24-13.37.27:643][  0]LogConfig: Setting CVar [[r.LensFlareQuality:2]]
[2025.02.24-13.37.27:643][  0]LogConfig: Setting CVar [[r.SceneColorFringeQuality:1]]
[2025.02.24-13.37.27:643][  0]LogConfig: Setting CVar [[r.EyeAdaptationQuality:2]]
[2025.02.24-13.37.27:643][  0]LogConfig: Setting CVar [[r.BloomQuality:5]]
[2025.02.24-13.37.27:643][  0]LogConfig: Setting CVar [[r.FastBlurThreshold:100]]
[2025.02.24-13.37.27:643][  0]LogConfig: Setting CVar [[r.Upscale.Quality:3]]
[2025.02.24-13.37.27:643][  0]LogConfig: Setting CVar [[r.Tonemapper.GrainQuantization:1]]
[2025.02.24-13.37.27:643][  0]LogConfig: Setting CVar [[r.LightShaftQuality:1]]
[2025.02.24-13.37.27:643][  0]LogConfig: Setting CVar [[r.Filter.SizeScale:1]]
[2025.02.24-13.37.27:643][  0]LogConfig: Setting CVar [[r.Tonemapper.Quality:5]]
[2025.02.24-13.37.27:643][  0]LogConfig: Setting CVar [[r.DOF.Gather.AccumulatorQuality:1        ; higher gathering accumulator quality]]
[2025.02.24-13.37.27:643][  0]LogConfig: Setting CVar [[r.DOF.Gather.PostfilterMethod:1          ; Median3x3 postfilering method]]
[2025.02.24-13.37.27:643][  0]LogConfig: Setting CVar [[r.DOF.Gather.EnableBokehSettings:0       ; no bokeh simulation when gathering]]
[2025.02.24-13.37.27:643][  0]LogConfig: Setting CVar [[r.DOF.Gather.RingCount:4                 ; medium number of samples when gathering]]
[2025.02.24-13.37.27:643][  0]LogConfig: Setting CVar [[r.DOF.Scatter.ForegroundCompositing:1    ; additive foreground scattering]]
[2025.02.24-13.37.27:643][  0]LogConfig: Setting CVar [[r.DOF.Scatter.BackgroundCompositing:2    ; additive background scattering]]
[2025.02.24-13.37.27:643][  0]LogConfig: Setting CVar [[r.DOF.Scatter.EnableBokehSettings:1      ; bokeh simulation when scattering]]
[2025.02.24-13.37.27:643][  0]LogConfig: Setting CVar [[r.DOF.Scatter.MaxSpriteRatio:0.1         ; only a maximum of 10% of scattered bokeh]]
[2025.02.24-13.37.27:643][  0]LogConfig: Setting CVar [[r.DOF.Recombine.Quality:1                ; cheap slight out of focus]]
[2025.02.24-13.37.27:643][  0]LogConfig: Setting CVar [[r.DOF.Recombine.EnableBokehSettings:0    ; no bokeh simulation on slight out of focus]]
[2025.02.24-13.37.27:643][  0]LogConfig: Setting CVar [[r.DOF.TemporalAAQuality:1                ; more stable temporal accumulation]]
[2025.02.24-13.37.27:643][  0]LogConfig: Setting CVar [[r.DOF.Kernel.MaxForegroundRadius:0.025]]
[2025.02.24-13.37.27:643][  0]LogConfig: Setting CVar [[r.DOF.Kernel.MaxBackgroundRadius:0.025]]
[2025.02.24-13.37.27:643][  0]LogConfig: Applying CVar settings from Section [TextureQuality@3] File [D:/上传官网/zgz-4/Saved/Config/Windows/Scalability.ini]
[2025.02.24-13.37.27:643][  0]LogConfig: Setting CVar [[r.Streaming.MipBias:0]]
[2025.02.24-13.37.27:643][  0]LogConfig: Setting CVar [[r.Streaming.AmortizeCPUToGPUCopy:0]]
[2025.02.24-13.37.27:643][  0]LogConfig: Setting CVar [[r.Streaming.MaxNumTexturesToStreamPerFrame:0]]
[2025.02.24-13.37.27:643][  0]LogConfig: Setting CVar [[r.Streaming.Boost:1]]
[2025.02.24-13.37.27:643][  0]LogConfig: Setting CVar [[r.MaxAnisotropy:8]]
[2025.02.24-13.37.27:643][  0]LogConfig: Setting CVar [[r.VT.MaxAnisotropy:8]]
[2025.02.24-13.37.27:643][  0]LogConfig: Setting CVar [[r.Streaming.LimitPoolSizeToVRAM:0]]
[2025.02.24-13.37.27:643][  0]LogConfig: Setting CVar [[r.Streaming.PoolSize:1000]]
[2025.02.24-13.37.27:643][  0]LogConfig: Setting CVar [[r.Streaming.MaxEffectiveScreenSize:0]]
[2025.02.24-13.37.27:643][  0]LogConfig: Applying CVar settings from Section [EffectsQuality@3] File [D:/上传官网/zgz-4/Saved/Config/Windows/Scalability.ini]
[2025.02.24-13.37.27:643][  0]LogConfig: Setting CVar [[r.TranslucencyLightingVolumeDim:64]]
[2025.02.24-13.37.27:643][  0]LogConfig: Setting CVar [[r.RefractionQuality:2]]
[2025.02.24-13.37.27:643][  0]LogConfig: Setting CVar [[r.SSR.Quality:3]]
[2025.02.24-13.37.27:643][  0]LogConfig: Setting CVar [[r.SSR.HalfResSceneColor:0]]
[2025.02.24-13.37.27:643][  0]LogConfig: Setting CVar [[r.SceneColorFormat:4]]
[2025.02.24-13.37.27:643][  0]LogConfig: Setting CVar [[r.DetailMode:2]]
[2025.02.24-13.37.27:643][  0]LogConfig: Setting CVar [[r.TranslucencyVolumeBlur:1]]
[2025.02.24-13.37.27:643][  0]LogConfig: Setting CVar [[r.MaterialQualityLevel:1 ; High quality]]
[2025.02.24-13.37.27:643][  0]LogConfig: Setting CVar [[r.AnisotropicMaterials:1]]
[2025.02.24-13.37.27:643][  0]LogConfig: Setting CVar [[r.SSS.Scale:1]]
[2025.02.24-13.37.27:643][  0]LogConfig: Setting CVar [[r.SSS.SampleSet:2]]
[2025.02.24-13.37.27:643][  0]LogConfig: Setting CVar [[r.SSS.Quality:1]]
[2025.02.24-13.37.27:643][  0]LogConfig: Setting CVar [[r.SSS.HalfRes:0]]
[2025.02.24-13.37.27:643][  0]LogConfig: Setting CVar [[r.SSGI.Quality:3]]
[2025.02.24-13.37.27:643][  0]LogConfig: Setting CVar [[r.EmitterSpawnRateScale:1.0]]
[2025.02.24-13.37.27:644][  0]LogConfig: Setting CVar [[r.ParticleLightQuality:2]]
[2025.02.24-13.37.27:644][  0]LogConfig: Setting CVar [[r.SkyAtmosphere.AerialPerspectiveLUT.FastApplyOnOpaque:1 ; Always have FastSkyLUT 1 in this case to avoid wrong sky]]
[2025.02.24-13.37.27:644][  0]LogConfig: Setting CVar [[r.SkyAtmosphere.AerialPerspectiveLUT.SampleCountMaxPerSlice:4]]
[2025.02.24-13.37.27:644][  0]LogConfig: Setting CVar [[r.SkyAtmosphere.AerialPerspectiveLUT.DepthResolution:16.0]]
[2025.02.24-13.37.27:644][  0]LogConfig: Setting CVar [[r.SkyAtmosphere.FastSkyLUT:1]]
[2025.02.24-13.37.27:644][  0]LogConfig: Setting CVar [[r.SkyAtmosphere.FastSkyLUT.SampleCountMin:4.0]]
[2025.02.24-13.37.27:644][  0]LogConfig: Setting CVar [[r.SkyAtmosphere.FastSkyLUT.SampleCountMax:128.0]]
[2025.02.24-13.37.27:644][  0]LogConfig: Setting CVar [[r.SkyAtmosphere.SampleCountMin:4.0]]
[2025.02.24-13.37.27:644][  0]LogConfig: Setting CVar [[r.SkyAtmosphere.SampleCountMax:128.0]]
[2025.02.24-13.37.27:644][  0]LogConfig: Setting CVar [[r.SkyAtmosphere.TransmittanceLUT.UseSmallFormat:0]]
[2025.02.24-13.37.27:644][  0]LogConfig: Setting CVar [[r.SkyAtmosphere.TransmittanceLUT.SampleCount:10.0]]
[2025.02.24-13.37.27:644][  0]LogConfig: Setting CVar [[r.SkyAtmosphere.MultiScatteringLUT.SampleCount:15.0]]
[2025.02.24-13.37.27:644][  0]LogConfig: Setting CVar [[r.SkyLight.RealTimeReflectionCapture:1]]
[2025.02.24-13.37.27:644][  0]LogConfig: Applying CVar settings from Section [FoliageQuality@3] File [D:/上传官网/zgz-4/Saved/Config/Windows/Scalability.ini]
[2025.02.24-13.37.27:644][  0]LogConfig: Setting CVar [[foliage.DensityScale:1.0]]
[2025.02.24-13.37.27:644][  0]LogConfig: Setting CVar [[grass.DensityScale:1.0]]
[2025.02.24-13.37.27:644][  0]LogConfig: Applying CVar settings from Section [ShadingQuality@3] File [D:/上传官网/zgz-4/Saved/Config/Windows/Scalability.ini]
[2025.02.24-13.37.27:644][  0]LogConfig: Setting CVar [[r.HairStrands.SkyLighting.IntegrationType:2]]
[2025.02.24-13.37.27:644][  0]LogConfig: Setting CVar [[r.HairStrands.SkyAO.SampleCount:4]]
[2025.02.24-13.37.27:644][  0]LogConfig: Setting CVar [[r.HairStrands.Visibility.MSAA.SamplePerPixel:4]]
[2025.02.24-13.37.27:644][  0]LogConfig: Applying CVar settings from Section [Startup] File [../../../Engine/Config/ConsoleVariables.ini]
[2025.02.24-13.37.27:644][  0]LogConfig: Setting CVar [[net.UseAdaptiveNetUpdateFrequency:0]]
[2025.02.24-13.37.27:644][  0]LogConfig: Setting CVar [[p.chaos.AllowCreatePhysxBodies:1]]
[2025.02.24-13.37.27:644][  0]LogConfig: Setting CVar [[fx.SkipVectorVMBackendOptimizations:1]]
[2025.02.24-13.37.27:644][  0]LogConfig: Applying CVar settings from Section [ConsoleVariables] File [D:/上传官网/zgz-4/Saved/Config/Windows/Engine.ini]
[2025.02.24-13.37.27:644][  0]LogConfig: Applying CVar settings from Section [ConsoleVariables] File [D:/上传官网/zgz-4/Saved/Config/Windows/Editor.ini]
[2025.02.24-13.37.27:644][  0]LogInit: Computer: LTT7
[2025.02.24-13.37.27:644][  0]LogInit: User: Administrator
[2025.02.24-13.37.27:644][  0]LogInit: CPU Page size=4096, Cores=6
[2025.02.24-13.37.27:644][  0]LogInit: High frequency timer resolution =10.000000 MHz
[2025.02.24-13.37.27:644][  0]LogMemory: Memory total: Physical=31.8GB (32GB approx)
[2025.02.24-13.37.27:644][  0]LogMemory: Platform Memory Stats for Windows
[2025.02.24-13.37.27:644][  0]LogMemory: Process Physical Memory: 149.27 MB used, 149.27 MB peak
[2025.02.24-13.37.27:644][  0]LogMemory: Process Virtual Memory: 123.66 MB used, 123.66 MB peak
[2025.02.24-13.37.27:644][  0]LogMemory: Physical Memory: 10417.73 MB used,  22160.29 MB free, 32578.02 MB total
[2025.02.24-13.37.27:644][  0]LogMemory: Virtual Memory: 134184576.00 MB used,  33150.11 MB free, 134217728.00 MB total
[2025.02.24-13.37.27:651][  0]LogWindows: WindowsPlatformFeatures enabled
[2025.02.24-13.37.27:721][  0]LogInit: Physics initialised using underlying interface: PhysX
[2025.02.24-13.37.27:722][  0]LogInit: Overriding language with editor language configuration option (zh-Hans).
[2025.02.24-13.37.27:722][  0]LogInit: Overriding language with editor locale configuration option (zh-Hans).
[2025.02.24-13.37.27:808][  0]LogTextLocalizationResource: LocRes '../../../Engine/Content/Localization/Editor/zh/Editor.locres' could not be opened for reading!
[2025.02.24-13.37.27:808][  0]LogTextLocalizationResource: LocRes '../../../Engine/Content/Localization/EditorTutorials/zh/EditorTutorials.locres' could not be opened for reading!
[2025.02.24-13.37.27:808][  0]LogTextLocalizationResource: LocRes '../../../Engine/Content/Localization/Keywords/zh/Keywords.locres' could not be opened for reading!
[2025.02.24-13.37.27:808][  0]LogTextLocalizationResource: LocRes '../../../Engine/Content/Localization/Category/zh/Category.locres' could not be opened for reading!
[2025.02.24-13.37.27:808][  0]LogTextLocalizationResource: LocRes '../../../Engine/Content/Localization/ToolTips/zh/ToolTips.locres' could not be opened for reading!
[2025.02.24-13.37.27:808][  0]LogTextLocalizationResource: LocRes '../../../Engine/Content/Localization/PropertyNames/zh/PropertyNames.locres' could not be opened for reading!
[2025.02.24-13.37.27:809][  0]LogTextLocalizationResource: LocRes '../../../Engine/Content/Localization/Engine/zh/Engine.locres' could not be opened for reading!
[2025.02.24-13.37.27:809][  0]LogTextLocalizationResource: LocRes '../../../Engine/Plugins/Online/OnlineSubsystem/Content/Localization/OnlineSubsystem/zh/OnlineSubsystem.locres' could not be opened for reading!
[2025.02.24-13.37.27:809][  0]LogTextLocalizationResource: LocRes '../../../Engine/Plugins/Online/OnlineSubsystemUtils/Content/Localization/OnlineSubsystemUtils/zh/OnlineSubsystemUtils.locres' could not be opened for reading!
[2025.02.24-13.37.27:809][  0]LogTextLocalizationResource: LocRes '../../../Engine/Plugins/Online/Android/OnlineSubsystemGooglePlay/Content/Localization/OnlineSubsystemGooglePlay/zh/OnlineSubsystemGooglePlay.locres' could not be opened for reading!
[2025.02.24-13.37.27:809][  0]LogTextLocalizationResource: LocRes '../../../Engine/Plugins/Online/IOS/OnlineSubsystemIOS/Content/Localization/OnlineSubsystemIOS/zh/OnlineSubsystemIOS.locres' could not be opened for reading!
[2025.02.24-13.37.27:848][  0]LogInit: Setting process to per monitor DPI aware
[2025.02.24-13.37.27:861][  0]LogWindowsTextInputMethodSystem: Display: IME system deactivated.
[2025.02.24-13.37.27:872][  0]LogSlate: New Slate User Created.  User Index 0, Is Virtual User: 0
[2025.02.24-13.37.27:872][  0]LogSlate: Slate User Registered.  User Index 0, Is Virtual User: 0
[2025.02.24-13.37.27:976][  0]LogD3D11RHI: Loaded GFSDK_Aftermath_Lib.x64.dll
[2025.02.24-13.37.27:979][  0]LogHMD: Failed to initialize OpenVR with code 110
[2025.02.24-13.37.27:979][  0]LogD3D11RHI: D3D11 min allowed feature level: 11_0
[2025.02.24-13.37.27:979][  0]LogD3D11RHI: D3D11 max allowed feature level: 11_0
[2025.02.24-13.37.27:979][  0]LogD3D11RHI: D3D11 adapters:
[2025.02.24-13.37.28:063][  0]LogD3D11RHI:    0. 'NVIDIA GeForce GT 730' (Feature Level 11_0)
[2025.02.24-13.37.28:063][  0]LogD3D11RHI:       2007/0/16289 MB DedicatedVideo/DedicatedSystem/SharedSystem, Outputs:1, VendorId:0x10de
[2025.02.24-13.37.28:065][  0]LogD3D11RHI:    1. 'Microsoft Basic Render Driver' (Feature Level 11_0)
[2025.02.24-13.37.28:065][  0]LogD3D11RHI:       0/0/16289 MB DedicatedVideo/DedicatedSystem/SharedSystem, Outputs:0, VendorId:0x1414
[2025.02.24-13.37.28:138][  0]LogD3D11RHI:    2. 'NVIDIA GeForce GT 730' (Feature Level 11_0)
[2025.02.24-13.37.28:138][  0]LogD3D11RHI:       2007/0/16289 MB DedicatedVideo/DedicatedSystem/SharedSystem, Outputs:0, VendorId:0x10de
[2025.02.24-13.37.28:138][  0]LogD3D11RHI: Chosen D3D11 Adapter:
[2025.02.24-13.37.28:138][  0]LogD3D11RHI:     Description : NVIDIA GeForce GT 730
[2025.02.24-13.37.28:138][  0]LogD3D11RHI:     VendorId    : 10de
[2025.02.24-13.37.28:138][  0]LogD3D11RHI:     DeviceId    : 1287
[2025.02.24-13.37.28:138][  0]LogD3D11RHI:     SubSysId    : 84f71043
[2025.02.24-13.37.28:138][  0]LogD3D11RHI:     Revision    : 00a1
[2025.02.24-13.37.28:138][  0]LogD3D11RHI:     DedicatedVideoMemory : 2104688640 bytes
[2025.02.24-13.37.28:138][  0]LogD3D11RHI:     DedicatedSystemMemory : 0 bytes
[2025.02.24-13.37.28:138][  0]LogD3D11RHI:     SharedSystemMemory : 17080262656 bytes
[2025.02.24-13.37.28:138][  0]LogD3D11RHI:     AdapterLuid : 0 65046
[2025.02.24-13.37.28:142][  0]LogD3D11RHI: Creating new Direct3DDevice
[2025.02.24-13.37.28:142][  0]LogD3D11RHI:     GPU DeviceId: 0x1287 (for the marketing name, search the web for "GPU Device Id")
[2025.02.24-13.37.28:142][  0]LogWindows: EnumDisplayDevices:
[2025.02.24-13.37.28:142][  0]LogWindows:    0. 'NVIDIA GeForce GT 730' (P:1 D:1)
[2025.02.24-13.37.28:142][  0]LogWindows:    1. 'NVIDIA GeForce GT 730' (P:0 D:0)
[2025.02.24-13.37.28:143][  0]LogWindows:    2. 'NVIDIA GeForce GT 730' (P:0 D:0)
[2025.02.24-13.37.28:143][  0]LogWindows:    3. 'OrayIddDriver Device' (P:0 D:0)
[2025.02.24-13.37.28:144][  0]LogWindows:    4. 'OrayIddDriver Device' (P:0 D:0)
[2025.02.24-13.37.28:144][  0]LogWindows:    5. 'OrayIddDriver Device' (P:0 D:0)
[2025.02.24-13.37.28:144][  0]LogWindows:    6. 'OrayIddDriver Device' (P:0 D:0)
[2025.02.24-13.37.28:145][  0]LogWindows:    7. 'OrayIddDriver Device' (P:0 D:0)
[2025.02.24-13.37.28:145][  0]LogWindows: DebugString: GetVideoDriverDetailsInvalid PrimaryIsNotTheChoosenAdapter GetVideoDriverDetailsInvalid PrimaryIsNotTheChoosenAdapter GetVideoDriverDetailsInvalid PrimaryIsNotTheChoosenAdapter GetVideoDriverDetailsInvalid PrimaryIsNotTheChoosenAdapter GetVideoDriverDetailsInvalid PrimaryIsNotTheChoosenAdapter FoundDriverCount:3 
[2025.02.24-13.37.28:145][  0]LogD3D11RHI:     Adapter Name: NVIDIA GeForce GT 730
[2025.02.24-13.37.28:145][  0]LogD3D11RHI:   Driver Version: 474.82 (internal:30.0.14.7482, unified:474.82)
[2025.02.24-13.37.28:145][  0]LogD3D11RHI:      Driver Date: 1-14-2024
[2025.02.24-13.37.28:145][  0]LogRHI: Texture pool is 1405 MB (70% of 2007 MB)
[2025.02.24-13.37.28:145][  0]LogD3D11RHI: Creating D3DDevice using adapter:
[2025.02.24-13.37.28:145][  0]LogD3D11RHI:     Description : NVIDIA GeForce GT 730
[2025.02.24-13.37.28:145][  0]LogD3D11RHI:     VendorId    : 10de
[2025.02.24-13.37.28:145][  0]LogD3D11RHI:     DeviceId    : 1287
[2025.02.24-13.37.28:145][  0]LogD3D11RHI:     SubSysId    : 84f71043
[2025.02.24-13.37.28:145][  0]LogD3D11RHI:     Revision    : 00a1
[2025.02.24-13.37.28:145][  0]LogD3D11RHI:     DedicatedVideoMemory : 2104688640 bytes
[2025.02.24-13.37.28:145][  0]LogD3D11RHI:     DedicatedSystemMemory : 0 bytes
[2025.02.24-13.37.28:145][  0]LogD3D11RHI:     SharedSystemMemory : 17080262656 bytes
[2025.02.24-13.37.28:145][  0]LogD3D11RHI:     AdapterLuid : 0 65046
[2025.02.24-13.37.28:212][  0]LogD3D11RHI: RHI does not have support for 64 bit atomics
[2025.02.24-13.37.28:212][  0]LogD3D11RHI: Async texture creation enabled
[2025.02.24-13.37.28:230][  0]LogD3D11RHI: GPU Timing Frequency: 1000.000000 (Debug: 2 2)
[2025.02.24-13.37.28:271][  0]LogRHI: GeForceNow SDK initialized: 1
[2025.02.24-13.37.28:537][  0]LogTargetPlatformManager: Display: Loaded TargetPlatform 'AllDesktop'
[2025.02.24-13.37.28:552][  0]LogTargetPlatformManager: Display: Loaded TargetPlatform 'Android'
[2025.02.24-13.37.28:552][  0]LogTargetPlatformManager: Display: Loaded TargetPlatform 'Android_ASTC'
[2025.02.24-13.37.28:552][  0]LogTargetPlatformManager: Display: Loaded TargetPlatform 'Android_DXT'
[2025.02.24-13.37.28:552][  0]LogTargetPlatformManager: Display: Loaded TargetPlatform 'Android_ETC2'
[2025.02.24-13.37.28:552][  0]LogTargetPlatformManager: Display: Loaded TargetPlatform 'AndroidClient'
[2025.02.24-13.37.28:552][  0]LogTargetPlatformManager: Display: Loaded TargetPlatform 'Android_ASTCClient'
[2025.02.24-13.37.28:552][  0]LogTargetPlatformManager: Display: Loaded TargetPlatform 'Android_DXTClient'
[2025.02.24-13.37.28:552][  0]LogTargetPlatformManager: Display: Loaded TargetPlatform 'Android_ETC2Client'
[2025.02.24-13.37.28:552][  0]LogTargetPlatformManager: Display: Loaded TargetPlatform 'Android_Multi'
[2025.02.24-13.37.28:552][  0]LogTargetPlatformManager: Display: Loaded TargetPlatform 'Android_MultiClient'
[2025.02.24-13.37.28:567][  0]LogTargetPlatformManager: Display: Loaded TargetPlatform 'IOSClient'
[2025.02.24-13.37.28:567][  0]LogTargetPlatformManager: Display: Loaded TargetPlatform 'IOS'
[2025.02.24-13.37.28:573][  0]LogTargetPlatformManager: Display: Loaded TargetPlatform 'Linux'
[2025.02.24-13.37.28:577][  0]LogTargetPlatformManager: Display: Loaded TargetPlatform 'LinuxNoEditor'
[2025.02.24-13.37.28:581][  0]LogTargetPlatformManager: Display: Loaded TargetPlatform 'LinuxClient'
[2025.02.24-13.37.28:586][  0]LogTargetPlatformManager: Display: Loaded TargetPlatform 'LinuxServer'
[2025.02.24-13.37.28:593][  0]LogTargetPlatformManager: Display: Loaded TargetPlatform 'LinuxAArch64NoEditor'
[2025.02.24-13.37.28:597][  0]LogTargetPlatformManager: Display: Loaded TargetPlatform 'LinuxAArch64Client'
[2025.02.24-13.37.28:600][  0]LogTargetPlatformManager: Display: Loaded TargetPlatform 'LinuxAArch64Server'
[2025.02.24-13.37.28:616][  0]LogTargetPlatformManager: Display: Loaded TargetPlatform 'Lumin'
[2025.02.24-13.37.28:616][  0]LogTargetPlatformManager: Display: Loaded TargetPlatform 'LuminClient'
[2025.02.24-13.37.28:622][  0]LogTargetPlatformManager: Display: Loaded TargetPlatform 'MacNoEditor'
[2025.02.24-13.37.28:626][  0]LogTargetPlatformManager: Display: Loaded TargetPlatform 'Mac'
[2025.02.24-13.37.28:630][  0]LogTargetPlatformManager: Display: Loaded TargetPlatform 'MacClient'
[2025.02.24-13.37.28:634][  0]LogTargetPlatformManager: Display: Loaded TargetPlatform 'MacServer'
[2025.02.24-13.37.28:641][  0]LogTargetPlatformManager: Display: Loaded TargetPlatform 'TVOSClient'
[2025.02.24-13.37.28:641][  0]LogTargetPlatformManager: Display: Loaded TargetPlatform 'TVOS'
[2025.02.24-13.37.28:647][  0]LogTargetPlatformManager: Display: Loaded TargetPlatform 'WindowsNoEditor'
[2025.02.24-13.37.28:652][  0]LogTargetPlatformManager: Display: Loaded TargetPlatform 'Windows'
[2025.02.24-13.37.28:656][  0]LogTargetPlatformManager: Display: Loaded TargetPlatform 'WindowsClient'
[2025.02.24-13.37.28:660][  0]LogTargetPlatformManager: Display: Loaded TargetPlatform 'WindowsServer'
[2025.02.24-13.37.28:660][  0]LogTargetPlatformManager: Display: Building Assets For Windows
[2025.02.24-13.37.28:667][  0]LogAudioDebug: Display: Lib vorbis DLL was dynamically loaded.
[2025.02.24-13.37.28:695][  0]LogTextureFormatOodle: Display: Oodle Texture 2.9.0 init RDO Off
[2025.02.24-13.37.28:725][  0]LogRendererCore: Ray tracing is disabled. Reason: r.RayTracing=0.
[2025.02.24-13.37.28:725][  0]LogShaderCompilers: Guid format shader working directory is 31 characters bigger than the processId version (../../../../上传官网/zgz-4/Intermediate/Shaders/WorkingDirectory/18260/).
[2025.02.24-13.37.28:726][  0]LogShaderCompilers: Cleaned the shader compiler working directory 'C:/Users/Administrator/AppData/Local/Temp/UnrealShaderWorkingDir/22AF4D73463D89BEA221C0BDCCFFD7A2/'.
[2025.02.24-13.37.28:726][  0]LogXGEController: Cannot use XGE Controller as Incredibuild is not installed on this machine.
[2025.02.24-13.37.28:726][  0]LogShaderCompilers: Cannot use XGE Shader Compiler as Incredibuild is not installed on this machine.
[2025.02.24-13.37.28:726][  0]LogShaderCompilers: Display: Using Local Shader Compiler.
[2025.02.24-13.37.29:317][  0]LogDerivedDataCache: Display: Max Cache Size: 512 MB
[2025.02.24-13.37.29:365][  0]LogDerivedDataCache: Loaded boot cache 0.05s 94MB C:/Users/Administrator/AppData/Local/UnrealEngine/4.27/DerivedDataCache/Boot.ddc.
[2025.02.24-13.37.29:365][  0]LogDerivedDataCache: Display: Loaded Boot cache: C:/Users/Administrator/AppData/Local/UnrealEngine/4.27/DerivedDataCache/Boot.ddc
[2025.02.24-13.37.29:365][  0]LogDerivedDataCache: FDerivedDataBackendGraph:  Pak pak cache file ../../../../上传官网/zgz-4/DerivedDataCache/DDC.ddp not found, will not use a pak cache.
[2025.02.24-13.37.29:365][  0]LogDerivedDataCache: Unable to find inner node Pak for hierarchical cache Hierarchy.
[2025.02.24-13.37.29:365][  0]LogDerivedDataCache: FDerivedDataBackendGraph:  CompressedPak pak cache file ../../../../上传官网/zgz-4/DerivedDataCache/Compressed.ddp not found, will not use a pak cache.
[2025.02.24-13.37.29:365][  0]LogDerivedDataCache: Unable to find inner node CompressedPak for hierarchical cache Hierarchy.
[2025.02.24-13.37.29:379][  0]LogDerivedDataCache: Display: Pak cache opened for reading ../../../Engine/DerivedDataCache/Compressed.ddp.
[2025.02.24-13.37.29:379][  0]LogDerivedDataCache: FDerivedDataBackendGraph:  EnterprisePak pak cache file ../../../Enterprise/DerivedDataCache/Compressed.ddp not found, will not use a pak cache.
[2025.02.24-13.37.29:379][  0]LogDerivedDataCache: Unable to find inner node EnterprisePak for hierarchical cache Hierarchy.
[2025.02.24-13.37.29:396][  0]LogDerivedDataCache: Speed tests for C:/Users/Administrator/AppData/Local/UnrealEngine/Common/DerivedDataCache took 0.02 seconds
[2025.02.24-13.37.29:396][  0]LogDerivedDataCache: Display: Performance to C:/Users/Administrator/AppData/Local/UnrealEngine/Common/DerivedDataCache: Latency=0.04ms. RandomReadSpeed=1362.78MBs, RandomWriteSpeed=59.48MBs. Assigned SpeedClass 'Local'
[2025.02.24-13.37.29:397][  0]LogDerivedDataCache: Using Local data cache path C:/Users/Administrator/AppData/Local/UnrealEngine/Common/DerivedDataCache: Writable
[2025.02.24-13.37.29:397][  0]LogDerivedDataCache: Shared data cache path not found in *engine.ini, will not use an Shared cache.
[2025.02.24-13.37.29:397][  0]LogDerivedDataCache: Unable to find inner node Shared for hierarchical cache Hierarchy.
[2025.02.24-13.37.29:429][  0]LogSlate: Using FreeType 2.10.0
[2025.02.24-13.37.29:429][  0]LogSlate: SlateFontServices - WITH_FREETYPE: 1, WITH_HARFBUZZ: 1
[2025.02.24-13.37.29:449][  0]LogAssetRegistry: FAssetRegistry took 0.0020 seconds to start up
[2025.02.24-13.37.29:600][  0]LogInit: Selected Device Profile: [Windows]
[2025.02.24-13.37.29:600][  0]LogInit: Active device profile: [0000024136BEAC00][000002412BB8C980 49] Windows
[2025.02.24-13.37.29:600][  0]LogInit: Profiles: [0000024136BEAC00][000002412BB8C980 49] Windows, [0000024136B74800][000002412BB94B00 49] WindowsNoEditor, [0000024136B6BF00][000002413620AC80 49] WindowsServer, [0000024136BEB000][000002413620EE00 49] WindowsClient, [0000024136B68400][0000024136212F80 49] IOS, [0000024136B74100][0000024136217100 49] iPadAir, [0000024136B68500][000002413621B280 49] iPadAir2, [0000024136B1D300][0000024136223540 49] IPadPro, [0000024136B1D400][000002413621F580 49] iPadAir3, [0000024136B6BE00][0000024136227700 49] iPadAir4, [0000024136B1C500][000002413622B880 49] iPadMini2, [0000024136B68100][000002413622FA00 49] iPadMini3, [0000024136B1D600][0000024136233B80 49] iPadMini4, [0000024136B6BD00][0000024136236180 49] iPadMini5, [0000024136B75600][000002413623E440 49] iPhone6, [0000024136B75700][000002413623A480 49] iPodTouch6, [0000024136B1FC00][00000241362426C0 49] iPhone7, [0000024136B1FB00][000002412BB90700 49] iPodTouch7, [0000024136B74A00][0000024136246840 49] iPhone5S, [0000024136B1C900][000002413624A980 49] iPhone6Plus, [0000024136B75B00][0000024136252B00 49] iPhone6S, [0000024136B1F900][0000024136256C80 49] iPhone6SPlus, [0000024136B74D00][000002413625AE00 49] iPhone7Plus, [0000024136B1CC00][000002413625EF80 49] iPhoneSE, [0000024136B77700][0000024136263100 49] iPhone8, [0000024136B1F700][0000024136267280 49] iPhone8Plus, [0000024136B75000][000002413626B400 49] iPhoneX, [0000024136B1C600][000002413626F580 49] iPhoneXS, [0000024136B76100][0000024136273700 49] iPhoneXSMax, [0000024136B1F200][0000024136277880 49] iPhoneXR, [0000024136B77E00][000002413627BA00 49] iPhone11, [0000024136B1D800][0000024136283B80 49] iPhone11Pro, [0000024136B76500][0000024136286180 49] iPhone11ProMax, [0000024136B1EE00][0000024136292300 49] iPhoneSE2, [0000024136B74500][000002413629E480 49] iPhone12Mini, [0000024136B1C300][00000241362BA600 49] iPhone12, [0000024136B76900][000002413624E740 49] iPhone12Pro, [0000024136B1EA00][000002412CC2C880 49] iPhone12ProMax, [0000024136B75F00][000002412CC309C0 49] iPadPro105, [0000024136B1F500][000002412CC34B00 49] iPadPro129, [0000024136B75300][000002412CC3CC80 49] iPadPro97, [0000024136B1D200][000002412CC40E00 49] iPadPro2_129, [0000024136B77800][000002412CC4CF80 49] iPad5, [0000024136B1E000][000002412CC51100 49] iPad6, [0000024136B74C00][000002412CC55280 49] iPad7, [0000024136B1E900][000002412CC59400 49] iPad8, [0000024136B77300][000002412CC5D580 49] iPadPro11, [0000024136B1FE00][00000241377CD700 49] iPadPro2_11, [0000024136B77C00][00000241377D5880 49] iPadPro3_129, [0000024136B1D500][0000024133C8FA00 49] iPadPro4_129, [0000024136B76800][0000024133C9DB80 49] AppleTV, [0000024136B1E400][0000024133CA0180 49] AppleTV4K, [0000024136B77100][0000024133CA4300 49] TVOS, [0000024136B1E100][0000024133CC8480 49] Mac, [0000024136B76C00][0000024133CCC600 49] MacClient, [0000024136B1D000][0000024133CD0780 49] MacNoEditor, [0000024136B77D00][000002413746A900 49] MacServer, [0000024136B1D900][000002412CC38A40 49] Linux, [0000024136B75A00][00000241377D0B80 49] LinuxAArch64, [0000024136B1FA00][000002412BA3ACC0 49] LinuxNoEditor, [0000024136B74200][000002412BA72E40 49] LinuxAArch64NoEditor, [0000024136B1CD00][000002412BA76FC0 49] LinuxClient, [0000024136B76D00][000002412BA7B140 49] LinuxAArch64Client, [0000024136B1F600][000002412BABF2C0 49] LinuxServer, [0000024136B76A00][000002412BAC3440 49] LinuxAArch64Server, [0000024136B1F100][000002412BAC75C0 49] Android, [0000024136B74600][0000024137C73740 49] Android_Low, [0000024136B1E200][0000024137C838C0 49] Android_Mid, [0000024136B77000][0000024137C93A40 49] Android_High, [0000024136B1C100][0000024137C97BC0 49] Android_Default, [0000024136B76B00][0000024137C9A1C0 49] Android_Adreno4xx, [0000024136B1CE00][0000024137CA2340 49] Android_Adreno5xx_Low, [0000024136B68200][0000024137CA64C0 49] Android_Adreno5xx, [0000024136BE9200][0000024137CB4640 49] Android_Adreno6xx, [0000024136B6A700][0000024137CB87C0 49] Android_Adreno6xx_Vulkan, [0000024136BEA800][0000024137CBC940 49] Android_Mali_T6xx, [0000024136B69700][0000024137CC0AC0 49] Android_Mali_T7xx, [0000024136BE8500][000002412BA6EC00 49] Android_Mali_T8xx, [0000024136B6AF00][0000024137CC4D40 49] Android_Mali_G71, [0000024136BE9600][0000024137CC8E80 49] Android_Mali_G72, [0000024136B69B00][0000024137CE0FC0 49] Android_Mali_G72_Vulkan, [0000024136BEAA00][0000024137D1D140 49] Android_Mali_G76, [0000024136B6AC00][000002413741F2C0 49] Android_Mali_G76_Vulkan, [0000024136BE9100][0000024137423440 49] Android_Mali_G77, [0000024136B68C00][00000241374275C0 49] Android_Mali_G77_Vulkan, [0000024136BE9D00][000002413742B740 49] Android_Mali_G78, [0000024136B6BB00][0000024137D638C0 49] Android_Mali_G78_Vulkan, [0000024136BE8D00][0000024137D67A40 49] Android_Mali_G710, [0000024136B6A600][0000024137461BC0 49] Android_Mali_G710_Vulkan, [0000024136BE9B00][00000241374641C0 49] Android_Vulkan_SM5, [0000024136B69D00][0000024137D6A340 49] Android_PowerVR_G6xxx, [0000024136BEA100][0000024137D6E4C0 49] Android_PowerVR_GT7xxx, [0000024136B69C00][0000024137D72640 49] Android_PowerVR_GE8xxx, [0000024136BE8200][0000024137D767C0 49] Android_PowerVR_GM9xxx, [0000024136B68A00][0000024137D7A940 49] Android_PowerVR_GM9xxx_Vulkan, [0000024136BEA700][0000024133CB4AC0 49] Android_TegraK1, [0000024136B1DD00][000002413742EC40 49] Android_Unknown_Vulkan, [0000024136BE8E00][0000024137D18D80 49] Lumin, [0000024136B1E500][0000024133CB8EC0 49] Lumin_Desktop, [0000024136BE9A00][0000024133CBD000 49] HoloLens, 
[2025.02.24-13.37.29:703][  0]LogMeshReduction: Using QuadricMeshReduction for automatic static mesh reduction
[2025.02.24-13.37.29:703][  0]LogMeshReduction: Using SimplygonMeshReduction for automatic skeletal mesh reduction
[2025.02.24-13.37.29:703][  0]LogMeshReduction: Using ProxyLODMeshReduction for automatic mesh merging
[2025.02.24-13.37.29:703][  0]LogMeshReduction: No distributed automatic mesh merging module available
[2025.02.24-13.37.29:703][  0]LogMeshMerging: No distributed automatic mesh merging module available
[2025.02.24-13.37.29:716][  0]LogNetVersion: model 1.0.0, NetCL: 17155196, EngineNetVer: 17, GameNetVer: 0 (Checksum: 3530826561)
[2025.02.24-13.37.30:032][  0]LogTexture: Default maximum texture size for cubemaps generated from long-lat sources has been changed from 512 to unlimited. In order to preserve old behaiour for '/Engine/MapTemplates/Sky/DaylightAmbientCubemap.DaylightAmbientCubemap', its maximum texture size has been explicitly set to 512.
[2025.02.24-13.37.30:075][  0]LogHMD: PokeAHoleMaterial loaded successfully
[2025.02.24-13.37.30:079][  0]LogUObjectArray: 17178 objects as part of root set at end of initial load.
[2025.02.24-13.37.30:079][  0]LogUObjectAllocator: 4302048 out of 0 bytes used by permanent object pool.
[2025.02.24-13.37.30:079][  0]LogUObjectArray: CloseDisregardForGC: 0/0 objects in disregard for GC pool
[2025.02.24-13.37.31:263][  0]LogNiagaraDebuggerClient: Niagara Debugger Client Initialized | Session: 70754011449FC78DDD2CE9A15446A4F7 | Instance: A1ADC336474DEB43ED53C490C85C908E (LTT7-18260).
[2025.02.24-13.37.31:368][  0]LogTcpMessaging: Initializing TcpMessaging bridge
[2025.02.24-13.37.31:373][  0]LogUdpMessaging: Initializing bridge on interface 0.0.0.0:0 to multicast group 230.0.0.1:6666.
[2025.02.24-13.37.31:384][  0]LogPython: Using Python 3.7.7
[2025.02.24-13.37.32:032][  0]SourceControl: 源码管理已禁用
[2025.02.24-13.37.32:032][  0]SourceControl: 源码管理已禁用
[2025.02.24-13.37.32:035][  0]SourceControl: 源码管理已禁用
[2025.02.24-13.37.32:038][  0]SourceControl: 源码管理已禁用
[2025.02.24-13.37.32:045][  0]SourceControl: 源码管理已禁用
[2025.02.24-13.37.32:052][  0]LogUProjectInfo: Found projects:
[2025.02.24-13.37.32:090][  0]LogOpenImageDenoise: OIDN starting up
[2025.02.24-13.37.32:103][  0]LogAndroidPermission: UAndroidPermissionCallbackProxy::GetInstance
[2025.02.24-13.37.32:125][  0]LogAudioCaptureCore: Display: No Audio Capture implementations found. Audio input will be silent.
[2025.02.24-13.37.32:125][  0]LogAudioCaptureCore: Display: No Audio Capture implementations found. Audio input will be silent.
[2025.02.24-13.37.32:242][  0]LogCollectionManager: Loaded 0 collections in 0.001036 seconds
[2025.02.24-13.37.32:264][  0]LogFileCache: Scanning file cache for directory 'D:/上传官网/zgz-4/Saved/Collections/' took 0.00s
[2025.02.24-13.37.32:264][  0]LogFileCache: Scanning file cache for directory 'D:/上传官网/zgz-4/Content/Developers/Administrator/Collections/' took 0.00s
[2025.02.24-13.37.32:264][  0]LogFileCache: Scanning file cache for directory 'D:/上传官网/zgz-4/Content/Collections/' took 0.00s
[2025.02.24-13.37.32:264][  0]LogOcInput: OculusInput pre-init called
[2025.02.24-13.37.32:462][  0]LogEngine: Initializing Engine...
[2025.02.24-13.37.32:464][  0]LogHMD: Failed to enumerate extensions. Please check that you have a valid OpenXR runtime installed.
[2025.02.24-13.37.32:465][  0]LogHMD: Failed to initialize OpenVR with code 110
[2025.02.24-13.37.32:465][  0]LogMagicLeap: Warning: VR disabled because ZI is not enabled.  To enable, in the editor, Edit -> Project Settings -> Plugins -> Magic Leap Plugin -> Enable Zero Iteration
[2025.02.24-13.37.32:465][  0]LogStats: UGameplayTagsManager::InitializeManager -  0.000 s
[2025.02.24-13.37.32:562][  0]LogInit: Initializing FReadOnlyCVARCache
[2025.02.24-13.37.32:568][  0]LogAIModule: Creating AISystem for world Untitled
[2025.02.24-13.37.32:569][  0]LogAudio: Display: Initializing Audio Device Manager...
[2025.02.24-13.37.32:572][  0]LogAudio: Display: Loading Default Audio Settings Objects...
[2025.02.24-13.37.32:572][  0]LogAudio: Display: No default SoundConcurrencyObject specified (or failed to load).
[2025.02.24-13.37.32:573][  0]LogAudio: Display: Audio Device Manager Initialized
[2025.02.24-13.37.32:573][  0]LogAudio: Display: Creating Audio Device:                 Id: 1, Scope: Shared, Realtime: True
[2025.02.24-13.37.32:573][  0]LogAudioMixer: Display: Audio Mixer Platform Settings:
[2025.02.24-13.37.32:573][  0]LogAudioMixer: Display: 	Sample Rate:						  48000
[2025.02.24-13.37.32:573][  0]LogAudioMixer: Display: 	Callback Buffer Frame Size Requested: 1024
[2025.02.24-13.37.32:573][  0]LogAudioMixer: Display: 	Callback Buffer Frame Size To Use:	  1024
[2025.02.24-13.37.32:573][  0]LogAudioMixer: Display: 	Number of buffers to queue:			  2
[2025.02.24-13.37.32:573][  0]LogAudioMixer: Display: 	Max Channels (voices):				  32
[2025.02.24-13.37.32:573][  0]LogAudioMixer: Display: 	Number of Async Source Workers:		  0
[2025.02.24-13.37.32:573][  0]LogAudio: Display: AudioDevice MaxSources: 32
[2025.02.24-13.37.32:573][  0]LogAudio: Display: Audio Spatialization Plugin: None (built-in).
[2025.02.24-13.37.32:573][  0]LogAudio: Display: Audio Reverb Plugin: None (built-in).
[2025.02.24-13.37.32:573][  0]LogAudio: Display: Audio Occlusion Plugin: None (built-in).
[2025.02.24-13.37.32:573][  0]LogAudioMixer: Display: Initializing audio mixer.
[2025.02.24-13.37.32:584][  0]LogAudioMixer: Display: 0: FrontLeft
[2025.02.24-13.37.32:584][  0]LogAudioMixer: Display: 1: FrontRight
[2025.02.24-13.37.32:626][  0]LogAudioMixer: Display: Using Audio Device Realtek Digital Output (Realtek(R) Audio)
[2025.02.24-13.37.32:628][  0]LogAudioMixer: Display: Initializing Sound Submixes...
[2025.02.24-13.37.32:630][  0]LogAudioMixer: Display: Creating Master Submix 'MasterSubmixDefault'
[2025.02.24-13.37.32:630][  0]LogAudioMixer: Display: Creating Master Submix 'MasterReverbSubmixDefault'
[2025.02.24-13.37.32:631][  0]LogAudioMixer: Display: Creating Master Submix 'MasterEQSubmixDefault'
[2025.02.24-13.37.32:631][  0]LogAudioMixer: FMixerPlatformXAudio2::StartAudioStream() called
[2025.02.24-13.37.32:631][  0]LogAudioMixer: Display: Output buffers initialized: Frames=1024, Channels=2, Samples=2048
[2025.02.24-13.37.32:631][  0]LogAudioMixer: Display: Starting AudioMixerPlatformInterface::RunInternal()
[2025.02.24-13.37.32:631][  0]LogAudioMixer: Display: FMixerPlatformXAudio2::SubmitBuffer() called for the first time
[2025.02.24-13.37.32:631][  0]LogInit: FAudioDevice initialized.
[2025.02.24-13.37.32:631][  0]LogAudio: Display: Audio Device (ID: 1) registered with world 'Untitled'.
[2025.02.24-13.37.32:631][  0]LogNetVersion: Set ProjectVersion to 1.0.0.0. Version Checksum will be recalculated on next use.
[2025.02.24-13.37.32:701][  0]LogDerivedDataCache: Saved boot cache 0.07s 94MB C:/Users/Administrator/AppData/Local/UnrealEngine/4.27/DerivedDataCache/Boot.ddc.
[2025.02.24-13.37.32:701][  0]LogInit: Texture streaming: Enabled
[2025.02.24-13.37.32:713][  0]LogAnalytics: Display: [UEEditor.Rocket.Release] APIServer = https://datarouter.ol.epicgames.com/. AppVersion = 4.27.2-18319896+++UE4+Release-4.27
[2025.02.24-13.37.32:717][  0]LogEngineSessionManager: EngineSessionManager initialized
[2025.02.24-13.37.32:717][  0]LogEditorSessionSummary: Verbose: Initializing EditorSessionSummaryWriter for editor session tracking
[2025.02.24-13.37.32:719][  0]LogEditorSessionSummary: EditorSessionSummaryWriter initialized
[2025.02.24-13.37.32:738][  0]LogInit: Transaction tracking system initialized
[2025.02.24-13.37.32:758][  0]BlueprintLog: New page: 编辑器加载
[2025.02.24-13.37.32:811][  0]LocalizationService: 本地化服务已禁用
[2025.02.24-13.37.32:831][  0]TimingProfiler: Initialize
[2025.02.24-13.37.32:832][  0]TimingProfiler: OnSessionChanged
[2025.02.24-13.37.32:832][  0]LoadingProfiler: Initialize
[2025.02.24-13.37.32:832][  0]LoadingProfiler: OnSessionChanged
[2025.02.24-13.37.32:832][  0]NetworkingProfiler: Initialize
[2025.02.24-13.37.32:832][  0]NetworkingProfiler: OnSessionChanged
[2025.02.24-13.37.32:832][  0]MemoryProfiler: Initialize
[2025.02.24-13.37.32:832][  0]MemoryProfiler: OnSessionChanged
[2025.02.24-13.37.32:942][  0]LogCook: Display: CookSettings for Memory: MemoryMaxUsedVirtual 0MiB, MemoryMaxUsedPhysical 16384MiB, MemoryMinFreeVirtual 0MiB, MemoryMinFreePhysical 1024MiB
[2025.02.24-13.37.32:943][  0]LogCook: Display: Mobile HDR setting 1
[2025.02.24-13.37.33:104][  0]LogFileCache: Scanning file cache for directory 'D:/上传官网/zgz-4/Content/' took 0.00s
[2025.02.24-13.37.33:258][  0]LogInit: Display: Engine is initialized. Leaving FEngineLoop::Init()
[2025.02.24-13.37.33:260][  0]SourceControl: 源码管理已禁用
[2025.02.24-13.37.33:261][  0]LogUnrealEdMisc: Loading editor; pre map load, took 6.375
[2025.02.24-13.37.33:261][  0]Cmd: MAP LOAD FILE="../../../../上传官网/zgz-4/Content/CityColor/Map/model.umap" TEMPLATE=0 SHOWPROGRESS=1 FEATURELEVEL=3
[2025.02.24-13.37.33:261][  0]LightingResults: New page: 光照构建
[2025.02.24-13.37.33:262][  0]LogWorld: UWorld::CleanupWorld for Untitled, bSessionEnded=true, bCleanupResources=true
[2025.02.24-13.37.33:262][  0]LogSlate: InvalidateAllWidgets triggered.  All widgets were invalidated
[2025.02.24-13.37.33:262][  0]MapCheck: New page: 地图检测
[2025.02.24-13.37.33:262][  0]LightingResults: New page: 光照构建
[2025.02.24-13.37.33:265][  0]LogAudio: Display: Audio Device unregistered from world 'None'.
[2025.02.24-13.37.33:267][  0]LogUObjectHash: Compacting FUObjectHashTables data took   0.52ms
[2025.02.24-13.37.33:557][  0]LogPhysicsCore: Error: PHYSX: (D:\Build\++Fortnite\Sync\Engine\Source\ThirdParty\PhysX3\PhysX_3.4\Source\PhysXCooking\src\Cooking.cpp 198) eINVALID_PARAMETER : Cooking::cookConvexMesh: user-provided convex mesh descriptor is invalid!
[2025.02.24-13.37.33:557][  0]LogPhysicsCore: Error: PHYSX: (D:\Build\++Fortnite\Sync\Engine\Source\ThirdParty\PhysX3\PhysX_3.4\Source\PhysXCooking\src\Cooking.cpp 198) eINVALID_PARAMETER : Cooking::cookConvexMesh: user-provided convex mesh descriptor is invalid!
[2025.02.24-13.37.33:557][  0]LogPhysics: Warning: Failed to cook convex: /Game/CityColor/Demo/Mesh/SM_Roof_2.SM_Roof_2 3 (FlipX:0). The remaining elements will not get cooked.
[2025.02.24-13.37.33:557][  0]LogPhysicsCore: Error: PHYSX: (D:\Build\++Fortnite\Sync\Engine\Source\ThirdParty\PhysX3\PhysX_3.4\Source\PhysXCooking\src\Cooking.cpp 198) eINVALID_PARAMETER : Cooking::cookConvexMesh: user-provided convex mesh descriptor is invalid!
[2025.02.24-13.37.33:557][  0]LogPhysicsCore: Error: PHYSX: (D:\Build\++Fortnite\Sync\Engine\Source\ThirdParty\PhysX3\PhysX_3.4\Source\PhysXCooking\src\Cooking.cpp 198) eINVALID_PARAMETER : Cooking::cookConvexMesh: user-provided convex mesh descriptor is invalid!
[2025.02.24-13.37.33:557][  0]LogPhysics: Warning: Failed to cook convex: /Game/CityColor/Demo/Mesh/SM_Roof_2.SM_Roof_2 3 (FlipX:1). The remaining elements will not get cooked.
[2025.02.24-13.37.33:584][  0]LogPhysics: Warning: Attempt to build physics data for /Game/CityColor/Demo/Mesh/SM_Roof_2.SM_Roof_2:BodySetup_0 when we are unable to.
[2025.02.24-13.37.33:628][  0]LogAudio: Display: Audio Device (ID: 1) registered with world 'model'.
[2025.02.24-13.37.33:629][  0]LogAIModule: Creating AISystem for world model
[2025.02.24-13.37.33:632][  0]LogPhysics: Warning: PopulatePhysXGeometryAndTransform(Convex): ConvexElem is missing ConvexMesh
[2025.02.24-13.37.33:633][  0]LogPhysics: Warning: ForeachShape(Convex): ScaledElem[0] invalid
[2025.02.24-13.37.33:633][  0]LogPhysics: Warning: PopulatePhysXGeometryAndTransform(Convex): ConvexElem is missing ConvexMesh
[2025.02.24-13.37.33:633][  0]LogPhysics: Warning: ForeachShape(Convex): ScaledElem[1] invalid
[2025.02.24-13.37.33:633][  0]LogPhysics: Warning: PopulatePhysXGeometryAndTransform(Convex): ConvexElem is missing ConvexMesh
[2025.02.24-13.37.33:633][  0]LogPhysics: Warning: ForeachShape(Convex): ScaledElem[2] invalid
[2025.02.24-13.37.33:633][  0]LogPhysics: Warning: PopulatePhysXGeometryAndTransform(Convex): ConvexElem is missing ConvexMesh
[2025.02.24-13.37.33:633][  0]LogPhysics: Warning: ForeachShape(Convex): ScaledElem[3] invalid
[2025.02.24-13.37.33:633][  0]LogPhysics: Warning: PopulatePhysXGeometryAndTransform(Convex): ConvexElem is missing ConvexMesh
[2025.02.24-13.37.33:633][  0]LogPhysics: Warning: ForeachShape(Convex): ScaledElem[4] invalid
[2025.02.24-13.37.33:633][  0]LogPhysics: Warning: PopulatePhysXGeometryAndTransform(Convex): ConvexElem is missing ConvexMesh
[2025.02.24-13.37.33:633][  0]LogPhysics: Warning: ForeachShape(Convex): ScaledElem[5] invalid
[2025.02.24-13.37.33:633][  0]LogEditorServer: Finished looking for orphan Actors (0.000 secs)
[2025.02.24-13.37.33:638][  0]LogUObjectHash: Compacting FUObjectHashTables data took   0.54ms
[2025.02.24-13.37.33:638][  0]Cmd: MAP CHECKDEP NOCLEARLOG
[2025.02.24-13.37.33:638][  0]MapCheck: 地图检测完成：0个错误、0个警告、完成用时0.08毫秒。
[2025.02.24-13.37.33:639][  0]LogFileHelpers: Loading map 'model' took 0.377
[2025.02.24-13.37.33:640][  0]LogUnrealEdMisc: Total Editor Startup Time, took 6.753
[2025.02.24-13.37.33:771][  0]LogSlate: Updating window title bar state: overlay mode, drag disabled, window buttons hidden, title bar hidden
[2025.02.24-13.37.33:775][  0]LogSlate: Updating window title bar state: overlay mode, drag disabled, window buttons hidden, title bar hidden
[2025.02.24-13.37.33:779][  0]LogSlate: Updating window title bar state: overlay mode, drag disabled, window buttons hidden, title bar hidden
[2025.02.24-13.37.33:782][  0]LogSlate: Updating window title bar state: overlay mode, drag disabled, window buttons hidden, title bar hidden
[2025.02.24-13.37.33:793][  0]LogNativeClassHierarchy: Verbose: Native class hierarchy populated in 0.0068 seconds. Added 3822 classes and 928 folders.
[2025.02.24-13.37.33:794][  0]LogNativeClassHierarchy: Verbose: Native class hierarchy updated for 'WidgetCarousel' in 0.0002 seconds. Added 0 classes and 0 folders.
[2025.02.24-13.37.33:795][  0]LogPakFile: PakFile PrimaryIndexSize=187
[2025.02.24-13.37.33:795][  0]LogPakFile: PakFile PathHashIndexSize=101
[2025.02.24-13.37.33:795][  0]LogPakFile: PakFile FullDirectoryIndexSize=148
[2025.02.24-13.37.33:795][  0]LogShaderLibrary: Display: ShaderCodeLibraryPakFileMountedCallback: PakFile 'D:/UE_4.27/FeaturePacks/FP_FirstPerson.upack' (chunk index -1, root 'root:/') mounted
[2025.02.24-13.37.33:795][  0]LogShaderLibrary: Display: ShaderCodeLibraryPakFileMountedCallback: pending pak file info (ChunkID:-1 Root:root:/ File:D:/UE_4.27/FeaturePacks/FP_FirstPerson.upack)
[2025.02.24-13.37.33:795][  0]LogPakFile: OnPakFileMounted2Time == 0.000045
[2025.02.24-13.37.33:796][  0]LogPakFile: PakFile PrimaryIndexSize=189
[2025.02.24-13.37.33:796][  0]LogPakFile: PakFile PathHashIndexSize=101
[2025.02.24-13.37.33:796][  0]LogPakFile: PakFile FullDirectoryIndexSize=152
[2025.02.24-13.37.33:796][  0]LogShaderLibrary: Display: ShaderCodeLibraryPakFileMountedCallback: PakFile 'D:/UE_4.27/FeaturePacks/FP_FirstPersonBP.upack' (chunk index -1, root 'root:/') mounted
[2025.02.24-13.37.33:796][  0]LogShaderLibrary: Display: ShaderCodeLibraryPakFileMountedCallback: pending pak file info (ChunkID:-1 Root:root:/ File:D:/UE_4.27/FeaturePacks/FP_FirstPersonBP.upack)
[2025.02.24-13.37.33:796][  0]LogPakFile: OnPakFileMounted2Time == 0.000032
[2025.02.24-13.37.33:796][  0]LogPakFile: PakFile PrimaryIndexSize=191
[2025.02.24-13.37.33:796][  0]LogPakFile: PakFile PathHashIndexSize=101
[2025.02.24-13.37.33:796][  0]LogPakFile: PakFile FullDirectoryIndexSize=160
[2025.02.24-13.37.33:796][  0]LogShaderLibrary: Display: ShaderCodeLibraryPakFileMountedCallback: PakFile 'D:/UE_4.27/FeaturePacks/MobileStarterContent.upack' (chunk index -1, root 'root:/') mounted
[2025.02.24-13.37.33:796][  0]LogShaderLibrary: Display: ShaderCodeLibraryPakFileMountedCallback: pending pak file info (ChunkID:-1 Root:root:/ File:D:/UE_4.27/FeaturePacks/MobileStarterContent.upack)
[2025.02.24-13.37.33:796][  0]LogPakFile: OnPakFileMounted2Time == 0.000024
[2025.02.24-13.37.33:796][  0]LogPakFile: PakFile PrimaryIndexSize=185
[2025.02.24-13.37.33:796][  0]LogPakFile: PakFile PathHashIndexSize=101
[2025.02.24-13.37.33:796][  0]LogPakFile: PakFile FullDirectoryIndexSize=148
[2025.02.24-13.37.33:796][  0]LogShaderLibrary: Display: ShaderCodeLibraryPakFileMountedCallback: PakFile 'D:/UE_4.27/FeaturePacks/StarterContent.upack' (chunk index -1, root 'root:/') mounted
[2025.02.24-13.37.33:796][  0]LogShaderLibrary: Display: ShaderCodeLibraryPakFileMountedCallback: pending pak file info (ChunkID:-1 Root:root:/ File:D:/UE_4.27/FeaturePacks/StarterContent.upack)
[2025.02.24-13.37.33:796][  0]LogPakFile: OnPakFileMounted2Time == 0.000027
[2025.02.24-13.37.33:797][  0]LogPakFile: PakFile PrimaryIndexSize=190
[2025.02.24-13.37.33:797][  0]LogPakFile: PakFile PathHashIndexSize=101
[2025.02.24-13.37.33:797][  0]LogPakFile: PakFile FullDirectoryIndexSize=154
[2025.02.24-13.37.33:797][  0]LogShaderLibrary: Display: ShaderCodeLibraryPakFileMountedCallback: PakFile 'D:/UE_4.27/FeaturePacks/TP_2DSideScroller.upack' (chunk index -1, root 'root:/') mounted
[2025.02.24-13.37.33:797][  0]LogShaderLibrary: Display: ShaderCodeLibraryPakFileMountedCallback: pending pak file info (ChunkID:-1 Root:root:/ File:D:/UE_4.27/FeaturePacks/TP_2DSideScroller.upack)
[2025.02.24-13.37.33:797][  0]LogPakFile: OnPakFileMounted2Time == 0.000025
[2025.02.24-13.37.33:797][  0]LogPakFile: PakFile PrimaryIndexSize=192
[2025.02.24-13.37.33:797][  0]LogPakFile: PakFile PathHashIndexSize=101
[2025.02.24-13.37.33:797][  0]LogPakFile: PakFile FullDirectoryIndexSize=158
[2025.02.24-13.37.33:797][  0]LogShaderLibrary: Display: ShaderCodeLibraryPakFileMountedCallback: PakFile 'D:/UE_4.27/FeaturePacks/TP_2DSideScrollerBP.upack' (chunk index -1, root 'root:/') mounted
[2025.02.24-13.37.33:797][  0]LogShaderLibrary: Display: ShaderCodeLibraryPakFileMountedCallback: pending pak file info (ChunkID:-1 Root:root:/ File:D:/UE_4.27/FeaturePacks/TP_2DSideScrollerBP.upack)
[2025.02.24-13.37.33:797][  0]LogPakFile: OnPakFileMounted2Time == 0.000025
[2025.02.24-13.37.33:798][  0]LogPakFile: PakFile PrimaryIndexSize=182
[2025.02.24-13.37.33:798][  0]LogPakFile: PakFile PathHashIndexSize=101
[2025.02.24-13.37.33:798][  0]LogPakFile: PakFile FullDirectoryIndexSize=138
[2025.02.24-13.37.33:798][  0]LogShaderLibrary: Display: ShaderCodeLibraryPakFileMountedCallback: PakFile 'D:/UE_4.27/FeaturePacks/TP_Flying.upack' (chunk index -1, root 'root:/') mounted
[2025.02.24-13.37.33:798][  0]LogShaderLibrary: Display: ShaderCodeLibraryPakFileMountedCallback: pending pak file info (ChunkID:-1 Root:root:/ File:D:/UE_4.27/FeaturePacks/TP_Flying.upack)
[2025.02.24-13.37.33:798][  0]LogPakFile: OnPakFileMounted2Time == 0.000033
[2025.02.24-13.37.33:798][  0]LogPakFile: PakFile PrimaryIndexSize=184
[2025.02.24-13.37.33:798][  0]LogPakFile: PakFile PathHashIndexSize=101
[2025.02.24-13.37.33:798][  0]LogPakFile: PakFile FullDirectoryIndexSize=142
[2025.02.24-13.37.33:798][  0]LogShaderLibrary: Display: ShaderCodeLibraryPakFileMountedCallback: PakFile 'D:/UE_4.27/FeaturePacks/TP_FlyingBP.upack' (chunk index -1, root 'root:/') mounted
[2025.02.24-13.37.33:798][  0]LogShaderLibrary: Display: ShaderCodeLibraryPakFileMountedCallback: pending pak file info (ChunkID:-1 Root:root:/ File:D:/UE_4.27/FeaturePacks/TP_FlyingBP.upack)
[2025.02.24-13.37.33:798][  0]LogPakFile: OnPakFileMounted2Time == 0.000024
[2025.02.24-13.37.33:798][  0]LogPakFile: PakFile PrimaryIndexSize=188
[2025.02.24-13.37.33:798][  0]LogPakFile: PakFile PathHashIndexSize=101
[2025.02.24-13.37.33:798][  0]LogPakFile: PakFile FullDirectoryIndexSize=150
[2025.02.24-13.37.33:798][  0]LogShaderLibrary: Display: ShaderCodeLibraryPakFileMountedCallback: PakFile 'D:/UE_4.27/FeaturePacks/TP_HandheldARBP.upack' (chunk index -1, root 'root:/') mounted
[2025.02.24-13.37.33:798][  0]LogShaderLibrary: Display: ShaderCodeLibraryPakFileMountedCallback: pending pak file info (ChunkID:-1 Root:root:/ File:D:/UE_4.27/FeaturePacks/TP_HandheldARBP.upack)
[2025.02.24-13.37.33:798][  0]LogPakFile: OnPakFileMounted2Time == 0.000024
[2025.02.24-13.37.33:799][  0]LogPakFile: PakFile PrimaryIndexSize=182
[2025.02.24-13.37.33:799][  0]LogPakFile: PakFile PathHashIndexSize=101
[2025.02.24-13.37.33:799][  0]LogPakFile: PakFile FullDirectoryIndexSize=138
[2025.02.24-13.37.33:799][  0]LogShaderLibrary: Display: ShaderCodeLibraryPakFileMountedCallback: PakFile 'D:/UE_4.27/FeaturePacks/TP_Puzzle.upack' (chunk index -1, root 'root:/') mounted
[2025.02.24-13.37.33:799][  0]LogShaderLibrary: Display: ShaderCodeLibraryPakFileMountedCallback: pending pak file info (ChunkID:-1 Root:root:/ File:D:/UE_4.27/FeaturePacks/TP_Puzzle.upack)
[2025.02.24-13.37.33:799][  0]LogPakFile: OnPakFileMounted2Time == 0.000027
[2025.02.24-13.37.33:799][  0]LogPakFile: PakFile PrimaryIndexSize=184
[2025.02.24-13.37.33:799][  0]LogPakFile: PakFile PathHashIndexSize=101
[2025.02.24-13.37.33:799][  0]LogPakFile: PakFile FullDirectoryIndexSize=142
[2025.02.24-13.37.33:799][  0]LogShaderLibrary: Display: ShaderCodeLibraryPakFileMountedCallback: PakFile 'D:/UE_4.27/FeaturePacks/TP_PuzzleBP.upack' (chunk index -1, root 'root:/') mounted
[2025.02.24-13.37.33:799][  0]LogShaderLibrary: Display: ShaderCodeLibraryPakFileMountedCallback: pending pak file info (ChunkID:-1 Root:root:/ File:D:/UE_4.27/FeaturePacks/TP_PuzzleBP.upack)
[2025.02.24-13.37.33:799][  0]LogPakFile: OnPakFileMounted2Time == 0.000024
[2025.02.24-13.37.33:800][  0]LogPakFile: PakFile PrimaryIndexSize=183
[2025.02.24-13.37.33:800][  0]LogPakFile: PakFile PathHashIndexSize=101
[2025.02.24-13.37.33:800][  0]LogPakFile: PakFile FullDirectoryIndexSize=140
[2025.02.24-13.37.33:800][  0]LogShaderLibrary: Display: ShaderCodeLibraryPakFileMountedCallback: PakFile 'D:/UE_4.27/FeaturePacks/TP_Rolling.upack' (chunk index -1, root 'root:/') mounted
[2025.02.24-13.37.33:800][  0]LogShaderLibrary: Display: ShaderCodeLibraryPakFileMountedCallback: pending pak file info (ChunkID:-1 Root:root:/ File:D:/UE_4.27/FeaturePacks/TP_Rolling.upack)
[2025.02.24-13.37.33:800][  0]LogPakFile: OnPakFileMounted2Time == 0.000023
[2025.02.24-13.37.33:800][  0]LogPakFile: PakFile PrimaryIndexSize=185
[2025.02.24-13.37.33:800][  0]LogPakFile: PakFile PathHashIndexSize=101
[2025.02.24-13.37.33:800][  0]LogPakFile: PakFile FullDirectoryIndexSize=144
[2025.02.24-13.37.33:800][  0]LogShaderLibrary: Display: ShaderCodeLibraryPakFileMountedCallback: PakFile 'D:/UE_4.27/FeaturePacks/TP_RollingBP.upack' (chunk index -1, root 'root:/') mounted
[2025.02.24-13.37.33:800][  0]LogShaderLibrary: Display: ShaderCodeLibraryPakFileMountedCallback: pending pak file info (ChunkID:-1 Root:root:/ File:D:/UE_4.27/FeaturePacks/TP_RollingBP.upack)
[2025.02.24-13.37.33:800][  0]LogPakFile: OnPakFileMounted2Time == 0.000024
[2025.02.24-13.37.33:800][  0]LogPakFile: PakFile PrimaryIndexSize=188
[2025.02.24-13.37.33:800][  0]LogPakFile: PakFile PathHashIndexSize=101
[2025.02.24-13.37.33:800][  0]LogPakFile: PakFile FullDirectoryIndexSize=150
[2025.02.24-13.37.33:800][  0]LogShaderLibrary: Display: ShaderCodeLibraryPakFileMountedCallback: PakFile 'D:/UE_4.27/FeaturePacks/TP_SideScroller.upack' (chunk index -1, root 'root:/') mounted
[2025.02.24-13.37.33:800][  0]LogShaderLibrary: Display: ShaderCodeLibraryPakFileMountedCallback: pending pak file info (ChunkID:-1 Root:root:/ File:D:/UE_4.27/FeaturePacks/TP_SideScroller.upack)
[2025.02.24-13.37.33:800][  0]LogPakFile: OnPakFileMounted2Time == 0.000024
[2025.02.24-13.37.33:801][  0]LogPakFile: PakFile PrimaryIndexSize=190
[2025.02.24-13.37.33:801][  0]LogPakFile: PakFile PathHashIndexSize=101
[2025.02.24-13.37.33:801][  0]LogPakFile: PakFile FullDirectoryIndexSize=154
[2025.02.24-13.37.33:801][  0]LogShaderLibrary: Display: ShaderCodeLibraryPakFileMountedCallback: PakFile 'D:/UE_4.27/FeaturePacks/TP_SideScrollerBP.upack' (chunk index -1, root 'root:/') mounted
[2025.02.24-13.37.33:801][  0]LogShaderLibrary: Display: ShaderCodeLibraryPakFileMountedCallback: pending pak file info (ChunkID:-1 Root:root:/ File:D:/UE_4.27/FeaturePacks/TP_SideScrollerBP.upack)
[2025.02.24-13.37.33:801][  0]LogPakFile: OnPakFileMounted2Time == 0.000024
[2025.02.24-13.37.33:801][  0]LogPakFile: PakFile PrimaryIndexSize=187
[2025.02.24-13.37.33:801][  0]LogPakFile: PakFile PathHashIndexSize=101
[2025.02.24-13.37.33:801][  0]LogPakFile: PakFile FullDirectoryIndexSize=148
[2025.02.24-13.37.33:801][  0]LogShaderLibrary: Display: ShaderCodeLibraryPakFileMountedCallback: PakFile 'D:/UE_4.27/FeaturePacks/TP_ThirdPerson.upack' (chunk index -1, root 'root:/') mounted
[2025.02.24-13.37.33:801][  0]LogShaderLibrary: Display: ShaderCodeLibraryPakFileMountedCallback: pending pak file info (ChunkID:-1 Root:root:/ File:D:/UE_4.27/FeaturePacks/TP_ThirdPerson.upack)
[2025.02.24-13.37.33:801][  0]LogPakFile: OnPakFileMounted2Time == 0.000024
[2025.02.24-13.37.33:801][  0]LogPakFile: PakFile PrimaryIndexSize=189
[2025.02.24-13.37.33:801][  0]LogPakFile: PakFile PathHashIndexSize=101
[2025.02.24-13.37.33:801][  0]LogPakFile: PakFile FullDirectoryIndexSize=152
[2025.02.24-13.37.33:801][  0]LogShaderLibrary: Display: ShaderCodeLibraryPakFileMountedCallback: PakFile 'D:/UE_4.27/FeaturePacks/TP_ThirdPersonBP.upack' (chunk index -1, root 'root:/') mounted
[2025.02.24-13.37.33:801][  0]LogShaderLibrary: Display: ShaderCodeLibraryPakFileMountedCallback: pending pak file info (ChunkID:-1 Root:root:/ File:D:/UE_4.27/FeaturePacks/TP_ThirdPersonBP.upack)
[2025.02.24-13.37.33:801][  0]LogPakFile: OnPakFileMounted2Time == 0.000024
[2025.02.24-13.37.33:802][  0]LogPakFile: PakFile PrimaryIndexSize=183
[2025.02.24-13.37.33:802][  0]LogPakFile: PakFile PathHashIndexSize=101
[2025.02.24-13.37.33:802][  0]LogPakFile: PakFile FullDirectoryIndexSize=140
[2025.02.24-13.37.33:802][  0]LogShaderLibrary: Display: ShaderCodeLibraryPakFileMountedCallback: PakFile 'D:/UE_4.27/FeaturePacks/TP_TopDown.upack' (chunk index -1, root 'root:/') mounted
[2025.02.24-13.37.33:802][  0]LogShaderLibrary: Display: ShaderCodeLibraryPakFileMountedCallback: pending pak file info (ChunkID:-1 Root:root:/ File:D:/UE_4.27/FeaturePacks/TP_TopDown.upack)
[2025.02.24-13.37.33:802][  0]LogPakFile: OnPakFileMounted2Time == 0.000028
[2025.02.24-13.37.33:802][  0]LogPakFile: PakFile PrimaryIndexSize=185
[2025.02.24-13.37.33:802][  0]LogPakFile: PakFile PathHashIndexSize=101
[2025.02.24-13.37.33:802][  0]LogPakFile: PakFile FullDirectoryIndexSize=144
[2025.02.24-13.37.33:802][  0]LogShaderLibrary: Display: ShaderCodeLibraryPakFileMountedCallback: PakFile 'D:/UE_4.27/FeaturePacks/TP_TopDownBP.upack' (chunk index -1, root 'root:/') mounted
[2025.02.24-13.37.33:802][  0]LogShaderLibrary: Display: ShaderCodeLibraryPakFileMountedCallback: pending pak file info (ChunkID:-1 Root:root:/ File:D:/UE_4.27/FeaturePacks/TP_TopDownBP.upack)
[2025.02.24-13.37.33:802][  0]LogPakFile: OnPakFileMounted2Time == 0.000024
[2025.02.24-13.37.33:802][  0]LogPakFile: PakFile PrimaryIndexSize=185
[2025.02.24-13.37.33:803][  0]LogPakFile: PakFile PathHashIndexSize=101
[2025.02.24-13.37.33:803][  0]LogPakFile: PakFile FullDirectoryIndexSize=144
[2025.02.24-13.37.33:803][  0]LogShaderLibrary: Display: ShaderCodeLibraryPakFileMountedCallback: PakFile 'D:/UE_4.27/FeaturePacks/TP_TwinStick.upack' (chunk index -1, root 'root:/') mounted
[2025.02.24-13.37.33:803][  0]LogShaderLibrary: Display: ShaderCodeLibraryPakFileMountedCallback: pending pak file info (ChunkID:-1 Root:root:/ File:D:/UE_4.27/FeaturePacks/TP_TwinStick.upack)
[2025.02.24-13.37.33:803][  0]LogPakFile: OnPakFileMounted2Time == 0.000026
[2025.02.24-13.37.33:803][  0]LogPakFile: PakFile PrimaryIndexSize=187
[2025.02.24-13.37.33:803][  0]LogPakFile: PakFile PathHashIndexSize=101
[2025.02.24-13.37.33:803][  0]LogPakFile: PakFile FullDirectoryIndexSize=148
[2025.02.24-13.37.33:803][  0]LogShaderLibrary: Display: ShaderCodeLibraryPakFileMountedCallback: PakFile 'D:/UE_4.27/FeaturePacks/TP_TwinStickBP.upack' (chunk index -1, root 'root:/') mounted
[2025.02.24-13.37.33:803][  0]LogShaderLibrary: Display: ShaderCodeLibraryPakFileMountedCallback: pending pak file info (ChunkID:-1 Root:root:/ File:D:/UE_4.27/FeaturePacks/TP_TwinStickBP.upack)
[2025.02.24-13.37.33:803][  0]LogPakFile: OnPakFileMounted2Time == 0.000024
[2025.02.24-13.37.33:803][  0]LogPakFile: PakFile PrimaryIndexSize=183
[2025.02.24-13.37.33:803][  0]LogPakFile: PakFile PathHashIndexSize=101
[2025.02.24-13.37.33:803][  0]LogPakFile: PakFile FullDirectoryIndexSize=140
[2025.02.24-13.37.33:803][  0]LogShaderLibrary: Display: ShaderCodeLibraryPakFileMountedCallback: PakFile 'D:/UE_4.27/FeaturePacks/TP_Vehicle.upack' (chunk index -1, root 'root:/') mounted
[2025.02.24-13.37.33:803][  0]LogShaderLibrary: Display: ShaderCodeLibraryPakFileMountedCallback: pending pak file info (ChunkID:-1 Root:root:/ File:D:/UE_4.27/FeaturePacks/TP_Vehicle.upack)
[2025.02.24-13.37.33:803][  0]LogPakFile: OnPakFileMounted2Time == 0.000023
[2025.02.24-13.37.33:804][  0]LogPakFile: PakFile PrimaryIndexSize=186
[2025.02.24-13.37.33:804][  0]LogPakFile: PakFile PathHashIndexSize=101
[2025.02.24-13.37.33:804][  0]LogPakFile: PakFile FullDirectoryIndexSize=146
[2025.02.24-13.37.33:804][  0]LogShaderLibrary: Display: ShaderCodeLibraryPakFileMountedCallback: PakFile 'D:/UE_4.27/FeaturePacks/TP_VehicleAdv.upack' (chunk index -1, root 'root:/') mounted
[2025.02.24-13.37.33:804][  0]LogShaderLibrary: Display: ShaderCodeLibraryPakFileMountedCallback: pending pak file info (ChunkID:-1 Root:root:/ File:D:/UE_4.27/FeaturePacks/TP_VehicleAdv.upack)
[2025.02.24-13.37.33:804][  0]LogPakFile: OnPakFileMounted2Time == 0.000025
[2025.02.24-13.37.33:804][  0]LogPakFile: PakFile PrimaryIndexSize=188
[2025.02.24-13.37.33:804][  0]LogPakFile: PakFile PathHashIndexSize=101
[2025.02.24-13.37.33:804][  0]LogPakFile: PakFile FullDirectoryIndexSize=150
[2025.02.24-13.37.33:804][  0]LogShaderLibrary: Display: ShaderCodeLibraryPakFileMountedCallback: PakFile 'D:/UE_4.27/FeaturePacks/TP_VehicleAdvBP.upack' (chunk index -1, root 'root:/') mounted
[2025.02.24-13.37.33:804][  0]LogShaderLibrary: Display: ShaderCodeLibraryPakFileMountedCallback: pending pak file info (ChunkID:-1 Root:root:/ File:D:/UE_4.27/FeaturePacks/TP_VehicleAdvBP.upack)
[2025.02.24-13.37.33:804][  0]LogPakFile: OnPakFileMounted2Time == 0.000029
[2025.02.24-13.37.33:804][  0]LogPakFile: PakFile PrimaryIndexSize=185
[2025.02.24-13.37.33:804][  0]LogPakFile: PakFile PathHashIndexSize=101
[2025.02.24-13.37.33:804][  0]LogPakFile: PakFile FullDirectoryIndexSize=144
[2025.02.24-13.37.33:805][  0]LogShaderLibrary: Display: ShaderCodeLibraryPakFileMountedCallback: PakFile 'D:/UE_4.27/FeaturePacks/TP_VehicleBP.upack' (chunk index -1, root 'root:/') mounted
[2025.02.24-13.37.33:805][  0]LogShaderLibrary: Display: ShaderCodeLibraryPakFileMountedCallback: pending pak file info (ChunkID:-1 Root:root:/ File:D:/UE_4.27/FeaturePacks/TP_VehicleBP.upack)
[2025.02.24-13.37.33:805][  0]LogPakFile: OnPakFileMounted2Time == 0.000024
[2025.02.24-13.37.33:805][  0]LogPakFile: PakFile PrimaryIndexSize=192
[2025.02.24-13.37.33:805][  0]LogPakFile: PakFile PathHashIndexSize=101
[2025.02.24-13.37.33:805][  0]LogPakFile: PakFile FullDirectoryIndexSize=158
[2025.02.24-13.37.33:805][  0]LogShaderLibrary: Display: ShaderCodeLibraryPakFileMountedCallback: PakFile 'D:/UE_4.27/FeaturePacks/TP_VirtualRealityBP.upack' (chunk index -1, root 'root:/') mounted
[2025.02.24-13.37.33:805][  0]LogShaderLibrary: Display: ShaderCodeLibraryPakFileMountedCallback: pending pak file info (ChunkID:-1 Root:root:/ File:D:/UE_4.27/FeaturePacks/TP_VirtualRealityBP.upack)
[2025.02.24-13.37.33:805][  0]LogPakFile: OnPakFileMounted2Time == 0.000026
[2025.02.24-13.37.33:826][  0]LogNativeClassHierarchy: Verbose: Native class hierarchy updated for 'AddContentDialog' in 0.0002 seconds. Added 0 classes and 0 folders.
[2025.02.24-13.37.33:826][  0]LogSlate: The tab "/Game/MeshTool_ue4.MeshTool_ActiveTab" attempted to spawn in layout 'LevelEditor_Layout_v1.2' but failed for some reason. It will not be displayed.
[2025.02.24-13.37.33:826][  0]LogSlate: The tab "/Game/MeshTool_ue4.MeshTool_ActiveTab" attempted to spawn in layout 'LevelEditor_Layout_v1.2' but failed for some reason. It will not be displayed.
[2025.02.24-13.37.33:826][  0]LogSlate: The tab "/Game/TidyTool_ue4.TidyTool_ActiveTab" attempted to spawn in layout 'LevelEditor_Layout_v1.2' but failed for some reason. It will not be displayed.
[2025.02.24-13.37.33:826][  0]LogSlate: The tab "/Game/TidyTool_ue4.TidyTool_ActiveTab" attempted to spawn in layout 'LevelEditor_Layout_v1.2' but failed for some reason. It will not be displayed.
[2025.02.24-13.37.33:827][  0]LogNativeClassHierarchy: Verbose: Native class hierarchy updated for 'SceneOutliner' in 0.0002 seconds. Added 2 classes and 0 folders.
[2025.02.24-13.37.33:927][  0]LogSlate: Took 0.000205 seconds to synchronously load lazily loaded font '../../../Engine/Content/Slate/Fonts/Roboto-Regular.ttf' (155K)
[2025.02.24-13.37.33:928][  0]LogSlate: Took 0.000153 seconds to synchronously load lazily loaded font '../../../Engine/Content/Editor/Slate/Fonts/FontAwesome.ttf' (139K)
[2025.02.24-13.37.33:930][  0]LogSlate: Took 0.001452 seconds to synchronously load lazily loaded font '../../../Engine/Content/Slate/Fonts/DroidSansFallback.ttf' (3848K)
[2025.02.24-13.37.33:930][  0]LogSlate: Took 0.000174 seconds to synchronously load lazily loaded font '../../../Engine/Content/Slate/Fonts/Roboto-Bold.ttf' (160K)
[2025.02.24-13.37.33:987][  0]LogRenderer: Reallocating scene render targets to support 776x240 Format 10 NumSamples 1 (Frame:1).
[2025.02.24-13.37.34:060][  0]LogNativeClassHierarchy: Verbose: Native class hierarchy updated for 'HierarchicalLODOutliner' in 0.0002 seconds. Added 0 classes and 0 folders.
[2025.02.24-13.37.34:060][  0]LogLoad: (Engine Initialization) Total time: 7.17 seconds
[2025.02.24-13.37.34:060][  0]LogLoad: (Engine Initialization) Total Blueprint compile time: 0.00 seconds
[2025.02.24-13.37.34:100][  0]LogAssetRegistry: Asset discovery search completed in 4.6520 seconds
[2025.02.24-13.37.34:104][  0]LogCollectionManager: Fixed up redirectors for 0 collections in 0.000003 seconds (updated 0 objects)
[2025.02.24-13.37.34:105][  0]LogContentStreaming: Texture pool size now 1000 MB
[2025.02.24-13.37.34:296][  3]LogSlate: Took 0.000179 seconds to synchronously load lazily loaded font '../../../Engine/Content/Slate/Fonts/Roboto-Light.ttf' (167K)
[2025.02.24-13.37.34:343][  5]LogRenderer: Reallocating scene render targets to support 776x256 Format 10 NumSamples 1 (Frame:1).
